This is pdfTeX, Version 3.1415926-1.40.10 (TeX Live 2009/Debian) (format=latex 2011.9.28)  23 NOV 2012 19:14
entering extended mode
 %&-line parsing enabled.
**MasterThesis_Book2.tex
(./MasterThesis_Book2.tex
LaTeX2e <2009/09/24>
Babel <v3.8l> and hyphenation patterns for english, usenglishmax, dumylang, noh
yphenation, loaded.
(/usr/share/texmf-texlive/tex/latex/extsizes/extbook.cls
Document Class: extbook 1999/01/07 v1.4a NON-Standard LaTeX document class
(/usr/share/texmf-texlive/tex/latex/extsizes/size14.clo
File: size14.clo 1999/11/11 v1.4a NON-Standard LaTeX file (size option)
)
(/usr/share/texmf-texlive/tex/latex/base/exscale.sty
Package: exscale 2007/10/29 v2.1h Standard LaTeX package exscale
LaTeX Font Info:    Redeclaring symbol font `largesymbols' on input line 52.
LaTeX Font Info:    Overwriting symbol font `largesymbols' in version `normal'
(Font)                  OMX/cmex/m/n --> OMX/cmex/m/n on input line 52.
LaTeX Font Info:    Overwriting symbol font `largesymbols' in version `bold'
(Font)                  OMX/cmex/m/n --> OMX/cmex/m/n on input line 52.
\big@size=\dimen102
)
\c@part=\count79
\c@chapter=\count80
\c@section=\count81
\c@subsection=\count82
\c@subsubsection=\count83
\c@paragraph=\count84
\c@subparagraph=\count85
\c@figure=\count86
\c@table=\count87
\abovecaptionskip=\skip41
\belowcaptionskip=\skip42
\bibindent=\dimen103
)
(/usr/share/texmf/tex/latex/lm/lmodern.sty
Package: lmodern 2009/10/30 v1.6 Latin Modern Fonts
LaTeX Font Info:    Overwriting symbol font `operators' in version `normal'
(Font)                  OT1/cmr/m/n --> OT1/lmr/m/n on input line 22.
LaTeX Font Info:    Overwriting symbol font `letters' in version `normal'
(Font)                  OML/cmm/m/it --> OML/lmm/m/it on input line 23.
LaTeX Font Info:    Overwriting symbol font `symbols' in version `normal'
(Font)                  OMS/cmsy/m/n --> OMS/lmsy/m/n on input line 24.
LaTeX Font Info:    Overwriting symbol font `largesymbols' in version `normal'
(Font)                  OMX/cmex/m/n --> OMX/lmex/m/n on input line 25.
LaTeX Font Info:    Overwriting symbol font `operators' in version `bold'
(Font)                  OT1/cmr/bx/n --> OT1/lmr/bx/n on input line 26.
LaTeX Font Info:    Overwriting symbol font `letters' in version `bold'
(Font)                  OML/cmm/b/it --> OML/lmm/b/it on input line 27.
LaTeX Font Info:    Overwriting symbol font `symbols' in version `bold'
(Font)                  OMS/cmsy/b/n --> OMS/lmsy/b/n on input line 28.
LaTeX Font Info:    Overwriting symbol font `largesymbols' in version `bold'
(Font)                  OMX/cmex/m/n --> OMX/lmex/m/n on input line 29.
LaTeX Font Info:    Overwriting math alphabet `\mathbf' in version `normal'
(Font)                  OT1/cmr/bx/n --> OT1/lmr/bx/n on input line 31.
LaTeX Font Info:    Overwriting math alphabet `\mathsf' in version `normal'
(Font)                  OT1/cmss/m/n --> OT1/lmss/m/n on input line 32.
LaTeX Font Info:    Overwriting math alphabet `\mathit' in version `normal'
(Font)                  OT1/cmr/m/it --> OT1/lmr/m/it on input line 33.
LaTeX Font Info:    Overwriting math alphabet `\mathtt' in version `normal'
(Font)                  OT1/cmtt/m/n --> OT1/lmtt/m/n on input line 34.
LaTeX Font Info:    Overwriting math alphabet `\mathbf' in version `bold'
(Font)                  OT1/cmr/bx/n --> OT1/lmr/bx/n on input line 35.
LaTeX Font Info:    Overwriting math alphabet `\mathsf' in version `bold'
(Font)                  OT1/cmss/bx/n --> OT1/lmss/bx/n on input line 36.
LaTeX Font Info:    Overwriting math alphabet `\mathit' in version `bold'
(Font)                  OT1/cmr/bx/it --> OT1/lmr/bx/it on input line 37.
LaTeX Font Info:    Overwriting math alphabet `\mathtt' in version `bold'
(Font)                  OT1/cmtt/m/n --> OT1/lmtt/m/n on input line 38.
)
(/usr/share/texmf-texlive/tex/latex/base/fontenc.sty
Package: fontenc 2005/09/27 v1.99g Standard LaTeX package

(/usr/share/texmf-texlive/tex/latex/base/t1enc.def
File: t1enc.def 2005/09/27 v1.99g Standard LaTeX file
LaTeX Font Info:    Redeclaring font encoding T1 on input line 43.
))
(/usr/share/texmf-texlive/tex/latex/amsmath/amsmath.sty
Package: amsmath 2000/07/18 v2.13 AMS math features
\@mathmargin=\skip43

For additional information on amsmath, use the `?' option.
(/usr/share/texmf-texlive/tex/latex/amsmath/amstext.sty
Package: amstext 2000/06/29 v2.01

(/usr/share/texmf-texlive/tex/latex/amsmath/amsgen.sty
File: amsgen.sty 1999/11/30 v2.0
\@emptytoks=\toks14
\ex@=\dimen104
))
(/usr/share/texmf-texlive/tex/latex/amsmath/amsbsy.sty
Package: amsbsy 1999/11/29 v1.2d
\pmbraise@=\dimen105
)
(/usr/share/texmf-texlive/tex/latex/amsmath/amsopn.sty
Package: amsopn 1999/12/14 v2.01 operator names
)
\inf@bad=\count88
LaTeX Info: Redefining \frac on input line 211.
\uproot@=\count89
\leftroot@=\count90
LaTeX Info: Redefining \overline on input line 307.
\classnum@=\count91
\DOTSCASE@=\count92
LaTeX Info: Redefining \ldots on input line 379.
LaTeX Info: Redefining \dots on input line 382.
LaTeX Info: Redefining \cdots on input line 467.
\Mathstrutbox@=\box26
\strutbox@=\box27
\big@size=\dimen106
LaTeX Font Info:    Redeclaring font encoding OML on input line 567.
LaTeX Font Info:    Redeclaring font encoding OMS on input line 568.
\macc@depth=\count93
\c@MaxMatrixCols=\count94
\dotsspace@=\muskip10
\c@parentequation=\count95
\dspbrk@lvl=\count96
\tag@help=\toks15
\row@=\count97
\column@=\count98
\maxfields@=\count99
\andhelp@=\toks16
\eqnshift@=\dimen107
\alignsep@=\dimen108
\tagshift@=\dimen109
\tagwidth@=\dimen110
\totwidth@=\dimen111
\lineht@=\dimen112
\@envbody=\toks17
\multlinegap=\skip44
\multlinetaggap=\skip45
\mathdisplay@stack=\toks18
LaTeX Info: Redefining \[ on input line 2666.
LaTeX Info: Redefining \] on input line 2667.
)
(/usr/share/texmf-texlive/tex/latex/amsfonts/amssymb.sty
Package: amssymb 2009/06/22 v3.00

(/usr/share/texmf-texlive/tex/latex/amsfonts/amsfonts.sty
Package: amsfonts 2009/06/22 v3.00 Basic AMSFonts support
\symAMSa=\mathgroup4
\symAMSb=\mathgroup5
LaTeX Font Info:    Overwriting math alphabet `\mathfrak' in version `bold'
(Font)                  U/euf/m/n --> U/euf/b/n on input line 96.
))
(/usr/share/texmf-texlive/tex/latex/graphics/graphicx.sty
Package: graphicx 1999/02/16 v1.0f Enhanced LaTeX Graphics (DPC,SPQR)

(/usr/share/texmf-texlive/tex/latex/graphics/keyval.sty
Package: keyval 1999/03/16 v1.13 key=value parser (DPC)
\KV@toks@=\toks19
)
(/usr/share/texmf-texlive/tex/latex/graphics/graphics.sty
Package: graphics 2009/02/05 v1.0o Standard LaTeX Graphics (DPC,SPQR)

(/usr/share/texmf-texlive/tex/latex/graphics/trig.sty
Package: trig 1999/03/16 v1.09 sin cos tan (DPC)
)
(/etc/texmf/tex/latex/config/graphics.cfg
File: graphics.cfg 2009/08/28 v1.8 graphics configuration of TeX Live
)
Package graphics Info: Driver file: dvips.def on input line 91.

(/usr/share/texmf-texlive/tex/latex/graphics/dvips.def
File: dvips.def 1999/02/16 v3.0i Driver-dependant file (DPC,SPQR)
))
\Gin@req@height=\dimen113
\Gin@req@width=\dimen114
)
(/usr/share/texmf-texlive/tex/latex/base/makeidx.sty
Package: makeidx 2000/03/29 v1.0m Standard LaTeX package
)
(/usr/share/texmf-texlive/tex/latex/fancybox/fancybox.sty
Package: fancybox 2000/09/19 1.3

Style option: `fancybox' v1.3 <2000/09/19> (tvz)
\@fancybox=\box28
\shadowsize=\dimen115
\@Sbox=\box29
\do@VerbBox=\toks20
\the@fancyput=\toks21
\this@fancyput=\toks22
\EndVerbatimTokens=\toks23
\Verbatim@Outfile=\write3
\Verbatim@Infile=\read1
) (/usr/share/texmf-texlive/tex/latex/tools/theorem.sty
Package: theorem 1995/11/23 v2.2c Theorem extension package (FMi)
\theorem@style=\toks24
\theorem@bodyfont=\toks25
\theorempreskipamount=\skip46
\theorempostskipamount=\skip47

(/usr/share/texmf-texlive/tex/latex/tools/thp.sty
File: thp.sty 1995/11/23 v2.2c Theorem extension package (FMi)
))
\@indexfile=\write4
\openout4 = `MasterThesis_Book2.idx'.


Writing index file MasterThesis_Book2.idx
(./MasterThesis_Book2.aux

LaTeX Warning: Label `isotropic_tensor' multiply defined.


LaTeX Warning: Label `get_E_hd' multiply defined.


LaTeX Warning: Label `A_loop_2' multiply defined.


LaTeX Warning: Label `tan_theta_cecconi' multiply defined.

)
\openout1 = `MasterThesis_Book2.aux'.

LaTeX Font Info:    Checking defaults for OML/cmm/m/it on input line 21.
LaTeX Font Info:    ... okay on input line 21.
LaTeX Font Info:    Checking defaults for T1/cmr/m/n on input line 21.
LaTeX Font Info:    ... okay on input line 21.
LaTeX Font Info:    Checking defaults for OT1/cmr/m/n on input line 21.
LaTeX Font Info:    ... okay on input line 21.
LaTeX Font Info:    Checking defaults for OMS/cmsy/m/n on input line 21.
LaTeX Font Info:    ... okay on input line 21.
LaTeX Font Info:    Checking defaults for OMX/cmex/m/n on input line 21.
LaTeX Font Info:    ... okay on input line 21.
LaTeX Font Info:    Checking defaults for U/cmr/m/n on input line 21.
LaTeX Font Info:    ... okay on input line 21.
LaTeX Font Info:    Try loading font information for T1+lmr on input line 21.
 (/usr/share/texmf/tex/latex/lm/t1lmr.fd
File: t1lmr.fd 2009/10/30 v1.6 Font defs for Latin Modern
) [1



] [2

] (./MasterThesis_Book2.toc
LaTeX Font Info:    Try loading font information for OT1+lmr on input line 4.

(/usr/share/texmf/tex/latex/lm/ot1lmr.fd
File: ot1lmr.fd 2009/10/30 v1.6 Font defs for Latin Modern
)
LaTeX Font Info:    Try loading font information for OML+lmm on input line 4.

(/usr/share/texmf/tex/latex/lm/omllmm.fd
File: omllmm.fd 2009/10/30 v1.6 Font defs for Latin Modern
)
LaTeX Font Info:    Try loading font information for OMS+lmsy on input line 4.

(/usr/share/texmf/tex/latex/lm/omslmsy.fd
File: omslmsy.fd 2009/10/30 v1.6 Font defs for Latin Modern
)
LaTeX Font Info:    Try loading font information for OMX+lmex on input line 4.

(/usr/share/texmf/tex/latex/lm/omxlmex.fd
File: omxlmex.fd 2009/10/30 v1.6 Font defs for Latin Modern
)
LaTeX Font Info:    External font `lmex10' loaded for size
(Font)              <14.4> on input line 4.
LaTeX Font Info:    External font `lmex10' loaded for size
(Font)              <10> on input line 4.
LaTeX Font Info:    External font `lmex10' loaded for size
(Font)              <7> on input line 4.
LaTeX Font Info:    Try loading font information for U+msa on input line 4.

(/usr/share/texmf-texlive/tex/latex/amsfonts/umsa.fd
File: umsa.fd 2009/06/22 v3.00 AMS symbols A
)
LaTeX Font Info:    Try loading font information for U+msb on input line 4.

(/usr/share/texmf-texlive/tex/latex/amsfonts/umsb.fd
File: umsb.fd 2009/06/22 v3.00 AMS symbols B
) [3] [4])
\tf@toc=\write5
\openout5 = `MasterThesis_Book2.toc'.

 [5] [6

]
Chapter 1.

Underfull \hbox (badness 10000) in paragraph at lines 38--39

 []


Underfull \vbox (badness 2781) has occurred while \output is active []

 [1

]
Underfull \hbox (badness 10000) in paragraph at lines 41--42

 []

LaTeX Font Info:    Try loading font information for OMS+lmr on input line 46.
(/usr/share/texmf/tex/latex/lm/omslmr.fd
File: omslmr.fd 2009/10/30 v1.6 Font defs for Latin Modern
)
LaTeX Font Info:    Font shape `OMS/lmr/m/n' in size <14.4> not available
(Font)              Font shape `OMS/lmsy/m/n' tried instead on input line 46.

Underfull \hbox (badness 10000) in paragraph at lines 53--55

 []

[2]
Underfull \hbox (badness 10000) in paragraph at lines 56--57

 []

File: rheomodell.eps Graphic file (type eps)
<rheomodell.eps>
Overfull \hbox (28.21074pt too wide) in paragraph at lines 75--77
\T1/lmr/m/n/14.4 cal method. For in-for-ma-tion about the Rheom-e-try, see [[]]

 []


Underfull \hbox (badness 10000) in paragraph at lines 75--77

 []

[3] [4]
Underfull \hbox (badness 10000) in paragraph at lines 78--79

 []


Overfull \hbox (4.90921pt too wide) in paragraph at lines 80--83
\T1/lmr/m/n/14.4 ([[]], [[]] and [[]]).
 []


Underfull \hbox (badness 10000) in paragraph at lines 80--83

 []


Overfull \hbox (10.73778pt too wide) in paragraph at lines 84--86
\T1/lmr/m/n/14.4 tool-box can be found in [[]], [[]]
 []


Underfull \hbox (badness 10000) in paragraph at lines 84--86

 []

[5]
Underfull \hbox (badness 10000) in paragraph at lines 87--88

 []


Underfull \hbox (badness 10000) in paragraph at lines 89--90

 []

[6]
Chapter 2.

Underfull \hbox (badness 10000) in paragraph at lines 96--97

 []


Underfull \hbox (badness 10000) in paragraph at lines 99--100

 []


Underfull \hbox (badness 10000) in paragraph at lines 105--106

 []


Underfull \vbox (badness 10000) has occurred while \output is active []

 [7

]
Underfull \hbox (badness 10000) in paragraph at lines 115--116

 []


Underfull \hbox (badness 10000) in paragraph at lines 125--126

 []

[8]
Underfull \hbox (badness 10000) in paragraph at lines 132--133

 []

LaTeX Font Info:    External font `lmex10' loaded for size
(Font)              <5> on input line 140.

Underfull \hbox (badness 10000) in paragraph at lines 148--149

 []

[9]
Overfull \hbox (5.39229pt too wide) has occurred while \output is active
\T1/lmr/m/n/14.4 10 \T1/lmr/m/sl/14.4 CHAPTER 2.  ELECTROMAGNETIC RADIATION: TH
E BASICS
 []

[10]
LaTeX Font Info:    Try loading font information for U+euf on input line 192.
 (/usr/share/texmf-texlive/tex/latex/amsfonts/ueuf.fd
File: ueuf.fd 2009/06/22 v3.00 Euler Fraktur
)
Underfull \vbox (badness 6063) has occurred while \output is active []

 [11]
Overfull \hbox (5.39229pt too wide) has occurred while \output is active
\T1/lmr/m/n/14.4 12 \T1/lmr/m/sl/14.4 CHAPTER 2.  ELECTROMAGNETIC RADIATION: TH
E BASICS
 []

[12]
Underfull \hbox (badness 10000) in paragraph at lines 239--240

 []


Underfull \vbox (badness 10000) has occurred while \output is active []

 [13]
Underfull \vbox (badness 10000) has occurred while \output is active []


Overfull \hbox (5.39229pt too wide) has occurred while \output is active
\T1/lmr/m/n/14.4 14 \T1/lmr/m/sl/14.4 CHAPTER 2.  ELECTROMAGNETIC RADIATION: TH
E BASICS
 []

[14]
Overfull \hbox (8.30687pt too wide) in paragraph at lines 295--295
[]\T1/lmr/bx/n/17.28 Basics, po-lar-iz-able me-dia and anisotropic me-
 []


Underfull \hbox (badness 10000) in paragraph at lines 297--298

 []

[15]
Underfull \hbox (badness 10000) in paragraph at lines 299--300

 []


Overfull \hbox (5.39229pt too wide) has occurred while \output is active
\T1/lmr/m/n/14.4 16 \T1/lmr/m/sl/14.4 CHAPTER 2.  ELECTROMAGNETIC RADIATION: TH
E BASICS
 []

[16]
Underfull \hbox (badness 10000) in paragraph at lines 320--321

 []


Underfull \hbox (badness 10000) in paragraph at lines 326--327

 []

[17]
Underfull \hbox (badness 10000) in paragraph at lines 340--341

 []


Underfull \vbox (badness 10000) has occurred while \output is active []


Overfull \hbox (5.39229pt too wide) has occurred while \output is active
\T1/lmr/m/n/14.4 18 \T1/lmr/m/sl/14.4 CHAPTER 2.  ELECTROMAGNETIC RADIATION: TH
E BASICS
 []

[18] [19]
Underfull \vbox (badness 6792) has occurred while \output is active []


Overfull \hbox (5.39229pt too wide) has occurred while \output is active
\T1/lmr/m/n/14.4 20 \T1/lmr/m/sl/14.4 CHAPTER 2.  ELECTROMAGNETIC RADIATION: TH
E BASICS
 []

[20] [21]
Underfull \vbox (badness 4582) has occurred while \output is active []


Overfull \hbox (5.39229pt too wide) has occurred while \output is active
\T1/lmr/m/n/14.4 22 \T1/lmr/m/sl/14.4 CHAPTER 2.  ELECTROMAGNETIC RADIATION: TH
E BASICS
 []

[22] [23]
Overfull \hbox (5.39229pt too wide) has occurred while \output is active
\T1/lmr/m/n/14.4 24 \T1/lmr/m/sl/14.4 CHAPTER 2.  ELECTROMAGNETIC RADIATION: TH
E BASICS
 []

[24]
Underfull \hbox (badness 10000) in paragraph at lines 490--491

 []

[25]
Overfull \hbox (5.39229pt too wide) has occurred while \output is active
\T1/lmr/m/n/14.4 26 \T1/lmr/m/sl/14.4 CHAPTER 2.  ELECTROMAGNETIC RADIATION: TH
E BASICS
 []

[26] [27]
Overfull \hbox (5.39229pt too wide) has occurred while \output is active
\T1/lmr/m/n/14.4 28 \T1/lmr/m/sl/14.4 CHAPTER 2.  ELECTROMAGNETIC RADIATION: TH
E BASICS
 []

[28] [29]
Underfull \hbox (badness 10000) in paragraph at lines 656--657

 []


Overfull \hbox (5.39229pt too wide) has occurred while \output is active
\T1/lmr/m/n/14.4 30 \T1/lmr/m/sl/14.4 CHAPTER 2.  ELECTROMAGNETIC RADIATION: TH
E BASICS
 []

[30] [31]
Overfull \hbox (5.39229pt too wide) has occurred while \output is active
\T1/lmr/m/n/14.4 32 \T1/lmr/m/sl/14.4 CHAPTER 2.  ELECTROMAGNETIC RADIATION: TH
E BASICS
 []

[32

]
Chapter 3.

Underfull \hbox (badness 10000) in paragraph at lines 677--678

 []


Underfull \hbox (badness 10000) in paragraph at lines 679--680

 []


Underfull \vbox (badness 1210) has occurred while \output is active []

 [33]
Underfull \vbox (badness 5022) has occurred while \output is active []

 [34]
[35] [36]
Underfull \hbox (badness 10000) in paragraph at lines 752--753

 []

[37]
File: hertz_dipol.eps Graphic file (type eps)
 <hertz_dipol.eps>
Underfull \hbox (badness 10000) in paragraph at lines 798--799

 []


Underfull \vbox (badness 1708) has occurred while \output is active []

 [38]
Underfull \vbox (badness 10000) has occurred while \output is active []

 [39]
Underfull \hbox (badness 10000) in paragraph at lines 810--811

 []

[40] [41]
File: coordinate_system.eps Graphic file (type eps)
 <coordinate_system.eps>
Underfull \hbox (badness 10000) in paragraph at lines 870--871

 []

[42] [43]
Underfull \vbox (badness 4739) has occurred while \output is active []

 [44]
[45] [46] [47]
Overfull \hbox (4.19812pt too wide) in paragraph at lines 1002--1003
[]\T1/lmr/m/n/14.4 Also the Di-rec-tiv-ity is nor-mal-ized, but now in a way th
at $[] [][] \OML/lmm/m/it/14.4 Gd\OT1/lmr/m/n/14.4 ^^F =
 []

[48]
File: pp_hd.eps Graphic file (type eps)
 <pp_hd.eps>
Underfull \vbox (badness 2142) has occurred while \output is active []

 [49]
Underfull \hbox (badness 10000) in paragraph at lines 1024--1025

 []

[50]
Underfull \hbox (badness 10000) in paragraph at lines 1076--1078

 []

[51]
Underfull \hbox (badness 10000) in paragraph at lines 1079--1080

 []

File: phase_distr_shd.eps Graphic file (type eps)
<phase_distr_shd.eps>
Underfull \hbox (badness 10000) in paragraph at lines 1089--1090

 []


Underfull \vbox (badness 3861) has occurred while \output is active []

 [52]
[53]
Underfull \vbox (badness 10000) has occurred while \output is active []

 [54]
File: pp_shd.eps Graphic file (type eps)

<pp_shd.eps>
File: loop.eps Graphic file (type eps)
 <loop.eps>
Underfull \hbox (badness 10000) in paragraph at lines 1146--1147

 []

[55] [56]
Overfull \hbox (6.4829pt too wide) in alignment at lines 1167--1174
 [][][] []
 []

[57] [58]
Underfull \hbox (badness 10000) in paragraph at lines 1229--1230

 []

[59] [60]
Underfull \hbox (badness 10000) in paragraph at lines 1254--1255

 []

[61] [62]
Chapter 4.

Underfull \hbox (badness 10000) in paragraph at lines 1276--1278

 []

File: df_coordinate_system.eps Graphic file (type eps)
<df_coordinate_system.eps>
Underfull \hbox (badness 10000) in paragraph at lines 1281--1282

 []

[63

]
Underfull \hbox (badness 10000) in paragraph at lines 1301--1302

 []


Underfull \vbox (badness 1946) has occurred while \output is active []

 [64]
[65]
Underfull \hbox (badness 10000) in paragraph at lines 1356--1357

 []

[66] [67] [68]
Underfull \vbox (badness 10000) has occurred while \output is active []

 [69]
Underfull \vbox (badness 10000) has occurred while \output is active []

 [70]
Underfull \vbox (badness 10000) has occurred while \output is active []

 [71]
[72]
Underfull \vbox (badness 8151) has occurred while \output is active []

 [73]
[74] [75]
Underfull \vbox (badness 10000) has occurred while \output is active []

 [76]
Overfull \hbox (1.0376pt too wide) in alignment at lines 1657--1664
 [][][] []
 []

[77] [78]
Overfull \hbox (2.35614pt too wide) in alignment at lines 1704--1710
 [][][] []
 []

[79]
Underfull \vbox (badness 10000) has occurred while \output is active []

 [80]
Underfull \vbox (badness 10000) has occurred while \output is active []

 [81]
[82]
LaTeX Font Info:    External font `lmex10' loaded for size
(Font)              <6> on input line 1799.

Underfull \hbox (badness 10000) in paragraph at lines 1820--1821

 []

[83] [84]
Underfull \vbox (badness 1342) has occurred while \output is active []

 [85]
Overfull \hbox (1.76929pt too wide) in paragraph at lines 1851--1852
[]\T1/lmr/m/n/14.4 Under the pre-sump-tion that the stan-dard de-vi-a-tion of t
he az-imuthal
 []


Underfull \vbox (badness 10000) has occurred while \output is active []

 [86]
[87]
Underfull \vbox (badness 4024) has occurred while \output is active []

 [88]
Underfull \vbox (badness 10000) has occurred while \output is active []

 [89]
[90] [91]
Underfull \hbox (badness 10000) in paragraph at lines 1972--1973

 []


Underfull \hbox (badness 10000) in paragraph at lines 1974--1975

 []

[92] [93]
Underfull \hbox (badness 10000) in paragraph at lines 2002--2003

 []

[94]
Underfull \vbox (badness 10000) has occurred while \output is active []

 [95]
[96] [97]
Overfull \hbox (4.66844pt too wide) in alignment at lines 2095--2103
 [][][] []
 []


Overfull \hbox (2.5305pt too wide) in paragraph at lines 2112--2113
[]\T1/lmr/m/n/14.4 which is the equa-tion as found in [[]]. There-
 []


Underfull \hbox (badness 10000) in paragraph at lines 2112--2113

 []


Underfull \hbox (badness 10000) in paragraph at lines 2114--2115

 []

[98]
File: uli3.eps Graphic file (type eps)
 <uli3.eps>
Underfull \hbox (badness 10000) in paragraph at lines 2120--2121

 []

File: uli2.eps Graphic file (type eps)
<uli2.eps>
Underfull \hbox (badness 10000) in paragraph at lines 2125--2126

 []


Underfull \hbox (badness 4886) in paragraph at lines 2126--2126
[]\T1/lmr/m/n/14.4 Figure 4.3: Stokes pa-ram-e-ters ex-tracted from Cassini dat
a
 []


LaTeX Warning: Float too large for page by 18.79626pt on input line 2127.


Underfull \hbox (badness 10000) in paragraph at lines 2134--2135

 []

[99] [100] [101] [102] [103]
Underfull \hbox (badness 10000) in paragraph at lines 2200--2201

 []


Underfull \hbox (badness 10000) in paragraph at lines 2205--2206

 []

[104]
Underfull \vbox (badness 1824) has occurred while \output is active []

 [105]
Overfull \hbox (1.69948pt too wide) in paragraph at lines 2241--2242
[]\T1/lmr/m/n/14.4 This is the New-ton Raph-son For-mula for the com-pu-ta-tion
 of $\OML/lmm/m/it/14.4 f[]\OT1/lmr/m/n/14.4 (\OML/lmm/m/it/14.4 x\OT1/lmr/m/n/
14.4 ) =
 []

[106] [107] [108]
Chapter 5.

Underfull \hbox (badness 10000) in paragraph at lines 2313--2322

 []

[109

]
Underfull \hbox (badness 10000) in paragraph at lines 2324--2325

 []


Underfull \hbox (badness 10000) in paragraph at lines 2327--2328

 []


Underfull \hbox (badness 10000) in paragraph at lines 2329--2339

 []


Underfull \vbox (badness 1248) has occurred while \output is active []

 [110]
Underfull \hbox (badness 10000) in paragraph at lines 2340--2348

 []


Underfull \hbox (badness 10000) in paragraph at lines 2349--2350

 []


LaTeX Warning: `h' float specifier changed to `ht'.


Underfull \hbox (badness 10000) in paragraph at lines 2367--2368

 []

File: stereo1.eps Graphic file (type eps)
<stereo1.eps>
Underfull \hbox (badness 10000) in paragraph at lines 2371--2372

 []

[111]

LaTeX Warning: `h' float specifier changed to `ht'.


Underfull \hbox (badness 10000) in paragraph at lines 2376--2378

 []


Underfull \hbox (badness 10000) in paragraph at lines 2376--2378

 []


Underfull \hbox (badness 10000) in paragraph at lines 2387--2389

 []

[112]
File: SpaceCraftD2HGA0Oblique.eps Graphic file (type eps)
 <SpaceCraftD2HGA0Oblique.eps>
File: SpaceCraftD2HGA0-XView.eps Graphic file (type eps)
 <SpaceCraftD2HGA0-XView.eps>

LaTeX Warning: Float too large for page by 29.23026pt on input line 2397.

File: SpaceCraftD2HGA0-YView.eps Graphic file (type eps)
<SpaceCraftD2HGA0-YView.eps>
File: SpaceCraftD2HGA0ZView.eps Graphic file (type eps)
 <SpaceCraftD2HGA0ZView.eps>
Underfull \hbox (badness 10000) in paragraph at lines 2411--2414

 []


Underfull \vbox (badness 10000) has occurred while \output is active []

 [113]
[114] [115]
File: showallhgaangles.eps Graphic file (type eps)
 <showallhgaangles.eps>
Underfull \hbox (badness 10000) in paragraph at lines 2423--2424

 []


Underfull \vbox (badness 10000) has occurred while \output is active []

 [116]
File: HeffD2HGA0-500kHz-XViewCap.eps Graphic file (type eps)

<HeffD2HGA0-500kHz-XViewCap.eps>
File: HeffD2HGA0-500kHz-YViewCap.eps Graphic file (type eps)
 <HeffD2HGA0-500kHz-YViewCap.eps>
File: HeffD2HGA0-500kHz-ZViewCap.eps Graphic file (type eps)

<HeffD2HGA0-500kHz-ZViewCap.eps>
File: HeffD2HGA0-500kHz-XViewCap_B.eps Graphic file (type eps)
 <HeffD2HGA0-500kHz-XViewCap_B.eps>
File: HeffD2HGA0-500kHz-YViewCap_B.eps Graphic file (type eps)

<HeffD2HGA0-500kHz-YViewCap_B.eps>
File: HeffD2HGA0-500kHz-ZViewCap_B.eps Graphic file (type eps)
 <HeffD2HGA0-500kHz-ZViewCap_B.eps>

LaTeX Warning: `h' float specifier changed to `ht'.


Underfull \vbox (badness 1360) has occurred while \output is active []

 [117]
[118] [119] [120] [121] [122]
Underfull \hbox (badness 10000) in paragraph at lines 2576--2577

 []

[123]
File: SampleDirection_ZView.eps Graphic file (type eps)
 <SampleDirection_ZView.eps>
File: SampleDirection_oblique.eps Graphic file (type eps)
 <SampleDirection_oblique.eps>
File: HeffVerteilungD2-ZView_caps.eps Graphic file (type eps)

<HeffVerteilungD2-ZView_caps.eps>
File: HeffVerteilungD2-ZView_caps2.eps Graphic file (type eps)
 <HeffVerteilungD2-ZView_caps2.eps>
File: HeffVerteilungD2-ZView_caps3.eps Graphic file (type eps)

<HeffVerteilungD2-ZView_caps3.eps>
File: HeffVerteilungD2-ZView_B_caps.eps Graphic file (type eps)
 <HeffVerteilungD2-ZView_B_caps.eps>
File: HeffVerteilungD2-ZView_B_caps2.eps Graphic file (type eps)

<HeffVerteilungD2-ZView_B_caps2.eps>
File: HeffVerteilungD2-ZView_B_caps3.eps Graphic file (type eps)
 <HeffVerteilungD2-ZView_B_caps3.eps>
Underfull \vbox (badness 10000) has occurred while \output is active []

 [124]
[125] [126] [127] [128] [129] [130] [131]
Underfull \hbox (badness 10000) in paragraph at lines 2650--2651

 []


Underfull \hbox (badness 10000) in paragraph at lines 2659--2662

 []

File: VirtualSigma1D2_caps.eps Graphic file (type eps)
<VirtualSigma1D2_caps.eps>
File: VirtualSigma2D2_caps.eps Graphic file (type eps)
 <VirtualSigma2D2_caps.eps>

LaTeX Warning: Float too large for page by 108.7673pt on input line 2674.

[132] [133]
Overfull \hbox (2.16582pt too wide) in paragraph at lines 2684--2686
\OML/lmm/m/it/14.4 h[]\OT1/lmr/m/n/14.4 (\OML/lmm/m/it/14.4 E\OT1/lmr/m/n/14.4 
1)\OML/lmm/m/it/14.4 ; h[]\OT1/lmr/m/n/14.4 (\OML/lmm/m/it/14.4 E\OT1/lmr/m/n/1
4.4 2)\OML/lmm/m/it/14.4 ; h[]\OT1/lmr/m/n/14.4 (\OML/lmm/m/it/14.4 E\OT1/lmr/m
/n/14.4 3)\OML/lmm/m/it/14.4 ; ^^X\OT1/lmr/m/n/14.4 (\OML/lmm/m/it/14.4 E\OT1/l
mr/m/n/14.4 1)\OML/lmm/m/it/14.4 ; ^^X\OT1/lmr/m/n/14.4 (\OML/lmm/m/it/14.4 E\O
T1/lmr/m/n/14.4 2)\OML/lmm/m/it/14.4 ; ^^X\OT1/lmr/m/n/14.4 (\OML/lmm/m/it/14.4
 E\OT1/lmr/m/n/14.4 3)\OML/lmm/m/it/14.4 ; ^^P\OT1/lmr/m/n/14.4 (\OML/lmm/m/it/
14.4 E\OT1/lmr/m/n/14.4 1)\OML/lmm/m/it/14.4 ; ^^P\OT1/lmr/m/n/14.4 (\OML/lmm/m
/it/14.4 E\OT1/lmr/m/n/14.4 2)\OML/lmm/m/it/14.4 ; ^^P\OT1/lmr/m/n/14.4 (\OML/l
mm/m/it/14.4 E\OT1/lmr/m/n/14.4 3)$
 []

[134] [135]
File: HeffLengthAbsD2_caps.eps Graphic file (type eps)
 <HeffLengthAbsD2_caps.eps>
File: HeffLengthRealD2_caps.eps Graphic file (type eps)
 <HeffLengthRealD2_caps.eps>
File: HeffLengthImagD2_caps.eps Graphic file (type eps)

<HeffLengthImagD2_caps.eps>

LaTeX Warning: Float too large for page by 146.39012pt on input line 2783.


Underfull \hbox (badness 10000) in paragraph at lines 2786--2790

 []


Underfull \hbox (badness 10000) in paragraph at lines 2793--2794

 []


Underfull \hbox (badness 10000) in paragraph at lines 2797--2798

 []

File: HeffVerteilungHGAD2-ZView_caps.eps Graphic file (type eps)
<HeffVerteilungHGAD2-ZView_caps.eps>
File: HeffVerteilungHGAD2-XView_caps.eps Graphic file (type eps)
 <HeffVerteilungHGAD2-XView_caps.eps>
File: HeffVerteilungHGAD2-YView_caps.eps Graphic file (type eps)

<HeffVerteilungHGAD2-YView_caps.eps>

LaTeX Warning: Float too large for page by 132.9318pt on input line 2814.

File: HeffVerteilungHGAD2-ZView_caps2.eps Graphic file (type eps)
<HeffVerteilungHGAD2-ZView_caps2.eps> [136] [137] [138] [139] [140] [141]
File: VirtualSigma1D2HGA_caps.eps Graphic file (type eps)

<VirtualSigma1D2HGA_caps.eps>
File: VirtualSigma2D2HGA_caps.eps Graphic file (type eps)
 <VirtualSigma2D2HGA_caps.eps>

LaTeX Warning: Float too large for page by 84.53014pt on input line 2923.


LaTeX Warning: `h' float specifier changed to `ht'.


Underfull \hbox (badness 10000) in paragraph at lines 2929--2941

 []

[142] [143] [144]
File: ImpedancesD21_caps.eps Graphic file (type eps)
 <ImpedancesD21_caps.eps>
File: ImpedancesD22_caps.eps Graphic file (type eps)
 <ImpedancesD22_caps.eps>

LaTeX Warning: Float too large for page by 72.3085pt on input line 2952.

File: ImpedancesD2B1_caps.eps Graphic file (type eps)
<ImpedancesD2B1_caps.eps>
File: ImpedancesD2B2_caps.eps Graphic file (type eps)
 <ImpedancesD2B2_caps.eps>

LaTeX Warning: Float too large for page by 73.61336pt on input line 2960.

File: AdmittancesD21_caps.eps Graphic file (type eps)
<AdmittancesD21_caps.eps>
File: AdmittancesD22_caps.eps Graphic file (type eps)
 <AdmittancesD22_caps.eps>

LaTeX Warning: Float too large for page by 60.56473pt on input line 2968.

File: AdmittancesD2B1_caps.eps Graphic file (type eps)
<AdmittancesD2B1_caps.eps>
File: AdmittancesD2B2_caps.eps Graphic file (type eps)
 <AdmittancesD2B2_caps.eps>

LaTeX Warning: Float too large for page by 60.56473pt on input line 2976.

[145] [146] [147] [148] [149] [150]
Chapter 6.

Underfull \hbox (badness 10000) in paragraph at lines 2983--2984

 []


Underfull \hbox (badness 10000) in paragraph at lines 2985--2986

 []


Underfull \vbox (badness 7522) has occurred while \output is active []

 [151

]
[152] [153


]
Underfull \hbox (badness 4366) in paragraph at lines 3030--3034
[]\T1/lmr/m/n/14.4 Ladreiter, H., P. Zarka, A. Lecacheux,
 []


Underfull \hbox (badness 5970) in paragraph at lines 3050--3055
[]\T1/lmr/m/n/14.4 Macher, W., B. Schrausser, G. Fis-cher,
 []

[154]
Underfull \hbox (badness 2351) in paragraph at lines 3057--3060
[]\T1/lmr/m/n/14.4 Macher, W., H. Rucker, G. Fis-cher, and
 []


Underfull \hbox (badness 4899) in paragraph at lines 3062--3065
[]\T1/lmr/m/n/14.4 Oswald, T., W. Macher, G.Fischer, and
 []


Underfull \hbox (badness 1158) in paragraph at lines 3067--3071
[]\T1/lmr/m/n/14.4 Oswald, T.H., W. Macher, H. Rucker, G.
 []


Underfull \hbox (badness 1681) in paragraph at lines 3067--3071
\T1/lmr/m/n/14.4 Fis-cher, U. Tauben-schuss, J. Bougeret, A. Lecacheux, M.
 []


Underfull \hbox (badness 3838) in paragraph at lines 3067--3071
\T1/lmr/m/n/14.4 Kaiser, and K. Goetz (2008), Var-i-ous meth-ods of cal-i-
 []


Underfull \hbox (badness 1472) in paragraph at lines 3067--3071
\T1/lmr/m/n/14.4 bra-tion of the stereo/waves an-ten-nas, \T1/lmr/m/it/14.4 J. 
Adv. Space Res.,
 []


Underfull \hbox (badness 3148) in paragraph at lines 3073--3077
[]\T1/lmr/m/n/14.4 Oswald, T., W. Macher, G.Fischer, and
 []


Underfull \vbox (badness 1048) has occurred while \output is active []

 [155]
Underfull \hbox (badness 1502) in paragraph at lines 3088--3090
[]\T1/lmr/m/n/14.4 Rucker, H., W. Macher, R. Man-ning, and
 []


Underfull \hbox (badness 1194) in paragraph at lines 3110--3115
[]\T1/lmr/m/n/14.4 Vogl, D., H. Ladre-iter, P. Zarka, H. Rucker,
 []

[156] [157] [158

] (./MasterThesis_Book2.lof
Overfull \hbox (7.01926pt too wide) in paragraph at lines 14--14
 [][] []\T1/lmr/m/n/14.4 The di-rec-tion of the in-ci-dent wave, ex-tracted fro
m Cassini 
 []


Overfull \hbox (59.31824pt too wide) in paragraph at lines 15--15
 [][] []\T1/lmr/m/n/14.4 Stokes pa-ram-e-ters ex-tracted from Cassini data [[]]
 []  
 []

[159] [160]
Underfull \vbox (badness 1314) has occurred while \output is active []

 [161])
\tf@lof=\write6
\openout6 = `MasterThesis_Book2.lof'.


[162] (./MasterThesis_Book2.lot)
\tf@lot=\write7
\openout7 = `MasterThesis_Book2.lot'.

 (./MasterThesis_Book2.ind [163

] [164

]
Overfull \hbox (5.02971pt too wide) in paragraph at lines 67--68
[]\T1/lmr/m/n/14.4 Fraunhofer ap-prox-i-ma-tion, 46, 50 
 []

[165] [166]) (./MasterThesis_Book2.aux)

LaTeX Warning: There were multiply-defined labels.

 ) 
Here is how much of TeX's memory you used:
 2460 strings out of 495062
 33678 string characters out of 1182644
 90540 words of memory out of 3000000
 5521 multiletter control sequences out of 15000+50000
 102131 words of font info for 72 fonts, out of 3000000 for 9000
 28 hyphenation exceptions out of 8191
 27i,14n,26p,1411b,306s stack positions out of 5000i,500n,10000p,200000b,50000s

Output written on MasterThesis_Book2.dvi (172 pages, 328336 bytes).
