    
                            R A D I A T E . O U T
                            ---------------------
    
    
  CONCEPT DATA: STEREO Design 4/CONCEPT with patches                                 
    
    
  FREQUENCY: 33.0000  MHz
  
 ======================================================================
 
  PHI interval (in degrees)  :    0.000     360.000
  THETA interval (in degrees):    0.000     180.000


The power radiated in the selected Phi-Theta sector is:               
 0.15543E-02 Watt
  
The total radiated power is:                                          
 0.15543E-02 Watt
  
  
The multiplier for the determination of the total radiated power is:  
   1.000
  
  
  
The directivity is:                                                   
   3.216
  
Specification in dB:                                                  
   5.073
  
The max. E field amplitude in the sector is:                          
 0.54764E+00 / (far field radius)  V/m
 ======================================================================
