Capacitance == 70 pF, 300 kHz
Ex: Length = 1.363121e+000 m  Theta = 1.201940e+002 °  Phi = -1.352376e+002 °
Ey: Length = 1.654952e+000 m  Theta = 1.146366e+002 °  Phi = 1.274497e+002 °
Ez: Length = 1.111621e+000 m  Theta = 1.249458e+002 °  Phi = 1.529566e+001 °


Capacitance == 71 pF, 300 kHz
Ex: Length = 1.352518e+000 m  Theta = 1.201597e+002 °  Phi = -1.352042e+002 °
Ey: Length = 1.641671e+000 m  Theta = 1.146102e+002 °  Phi = 1.274399e+002 °
Ez: Length = 1.103403e+000 m  Theta = 1.248964e+002 °  Phi = 1.526655e+001 °


Capacitance == 72 pF, 300 kHz
Ex: Length = 1.342080e+000 m  Theta = 1.201259e+002 °  Phi = -1.351714e+002 °
Ey: Length = 1.628604e+000 m  Theta = 1.145842e+002 °  Phi = 1.274302e+002 °
Ez: Length = 1.095308e+000 m  Theta = 1.248479e+002 °  Phi = 1.523799e+001 °


Capacitance == 73 pF, 300 kHz
Ex: Length = 1.331804e+000 m  Theta = 1.200927e+002 °  Phi = -1.351392e+002 °
Ey: Length = 1.615746e+000 m  Theta = 1.145587e+002 °  Phi = 1.274207e+002 °
Ez: Length = 1.087332e+000 m  Theta = 1.248002e+002 °  Phi = 1.520994e+001 °


Capacitance == 74 pF, 300 kHz
Ex: Length = 1.321687e+000 m  Theta = 1.200601e+002 °  Phi = -1.351075e+002 °
Ey: Length = 1.603091e+000 m  Theta = 1.145335e+002 °  Phi = 1.274114e+002 °
Ez: Length = 1.079473e+000 m  Theta = 1.247533e+002 °  Phi = 1.518240e+001 °


Capacitance == 75 pF, 300 kHz
Ex: Length = 1.311724e+000 m  Theta = 1.200279e+002 °  Phi = -1.350763e+002 °
Ey: Length = 1.590635e+000 m  Theta = 1.145088e+002 °  Phi = 1.274022e+002 °
Ez: Length = 1.071728e+000 m  Theta = 1.247071e+002 °  Phi = 1.515535e+001 °


Capacitance == 76 pF, 300 kHz
Ex: Length = 1.301912e+000 m  Theta = 1.199963e+002 °  Phi = -1.350457e+002 °
Ey: Length = 1.578373e+000 m  Theta = 1.144844e+002 °  Phi = 1.273931e+002 °
Ez: Length = 1.064094e+000 m  Theta = 1.246618e+002 °  Phi = 1.512878e+001 °


Capacitance == 77 pF, 300 kHz
Ex: Length = 1.292247e+000 m  Theta = 1.199652e+002 °  Phi = -1.350156e+002 °
Ey: Length = 1.566300e+000 m  Theta = 1.144604e+002 °  Phi = 1.273842e+002 °
Ez: Length = 1.056570e+000 m  Theta = 1.246171e+002 °  Phi = 1.510268e+001 °


Capacitance == 78 pF, 300 kHz
Ex: Length = 1.282726e+000 m  Theta = 1.199345e+002 °  Phi = -1.349860e+002 °
Ey: Length = 1.554413e+000 m  Theta = 1.144368e+002 °  Phi = 1.273755e+002 °
Ez: Length = 1.049152e+000 m  Theta = 1.245732e+002 °  Phi = 1.507704e+001 °


Capacitance == 79 pF, 300 kHz
Ex: Length = 1.273347e+000 m  Theta = 1.199043e+002 °  Phi = -1.349569e+002 °
Ey: Length = 1.542706e+000 m  Theta = 1.144136e+002 °  Phi = 1.273669e+002 °
Ez: Length = 1.041839e+000 m  Theta = 1.245300e+002 °  Phi = 1.505183e+001 °


Capacitance == 80 pF, 300 kHz
Ex: Length = 1.264105e+000 m  Theta = 1.198746e+002 °  Phi = -1.349282e+002 °
Ey: Length = 1.531177e+000 m  Theta = 1.143906e+002 °  Phi = 1.273584e+002 °
Ez: Length = 1.034628e+000 m  Theta = 1.244875e+002 °  Phi = 1.502706e+001 °


Capacitance == 81 pF, 300 kHz
Ex: Length = 1.254997e+000 m  Theta = 1.198454e+002 °  Phi = -1.349000e+002 °
Ey: Length = 1.519819e+000 m  Theta = 1.143681e+002 °  Phi = 1.273500e+002 °
Ez: Length = 1.027517e+000 m  Theta = 1.244457e+002 °  Phi = 1.500271e+001 °


Capacitance == 82 pF, 300 kHz
Ex: Length = 1.246022e+000 m  Theta = 1.198165e+002 °  Phi = -1.348723e+002 °
Ey: Length = 1.508631e+000 m  Theta = 1.143458e+002 °  Phi = 1.273418e+002 °
Ez: Length = 1.020504e+000 m  Theta = 1.244045e+002 °  Phi = 1.497877e+001 °


Capacitance == 83 pF, 300 kHz
Ex: Length = 1.237175e+000 m  Theta = 1.197882e+002 °  Phi = -1.348450e+002 °
Ey: Length = 1.497608e+000 m  Theta = 1.143239e+002 °  Phi = 1.273337e+002 °
Ez: Length = 1.013588e+000 m  Theta = 1.243640e+002 °  Phi = 1.495523e+001 °


Capacitance == 84 pF, 300 kHz
Ex: Length = 1.228455e+000 m  Theta = 1.197602e+002 °  Phi = -1.348181e+002 °
Ey: Length = 1.486746e+000 m  Theta = 1.143024e+002 °  Phi = 1.273258e+002 °
Ez: Length = 1.006765e+000 m  Theta = 1.243241e+002 °  Phi = 1.493208e+001 °


Capacitance == 85 pF, 300 kHz
Ex: Length = 1.219857e+000 m  Theta = 1.197326e+002 °  Phi = -1.347916e+002 °
Ey: Length = 1.476042e+000 m  Theta = 1.142811e+002 °  Phi = 1.273179e+002 °
Ez: Length = 1.000034e+000 m  Theta = 1.242849e+002 °  Phi = 1.490931e+001 °


Capacitance == 86 pF, 300 kHz
Ex: Length = 1.211381e+000 m  Theta = 1.197055e+002 °  Phi = -1.347656e+002 °
Ey: Length = 1.465492e+000 m  Theta = 1.142601e+002 °  Phi = 1.273102e+002 °
Ez: Length = 9.933934e-001 m  Theta = 1.242462e+002 °  Phi = 1.488691e+001 °


Capacitance == 87 pF, 300 kHz
Ex: Length = 1.203023e+000 m  Theta = 1.196787e+002 °  Phi = -1.347399e+002 °
Ey: Length = 1.455093e+000 m  Theta = 1.142395e+002 °  Phi = 1.273026e+002 °
Ez: Length = 9.868413e-001 m  Theta = 1.242081e+002 °  Phi = 1.486487e+001 °


Capacitance == 88 pF, 300 kHz
Ex: Length = 1.194780e+000 m  Theta = 1.196524e+002 °  Phi = -1.347147e+002 °
Ey: Length = 1.444842e+000 m  Theta = 1.142191e+002 °  Phi = 1.272951e+002 °
Ez: Length = 9.803757e-001 m  Theta = 1.241706e+002 °  Phi = 1.484319e+001 °


Capacitance == 89 pF, 300 kHz
Ex: Length = 1.186651e+000 m  Theta = 1.196264e+002 °  Phi = -1.346898e+002 °
Ey: Length = 1.434736e+000 m  Theta = 1.141990e+002 °  Phi = 1.272877e+002 °
Ez: Length = 9.739951e-001 m  Theta = 1.241336e+002 °  Phi = 1.482185e+001 °


Capacitance == 90 pF, 300 kHz
Ex: Length = 1.178633e+000 m  Theta = 1.196008e+002 °  Phi = -1.346653e+002 °
Ey: Length = 1.424772e+000 m  Theta = 1.141792e+002 °  Phi = 1.272804e+002 °
Ez: Length = 9.676976e-001 m  Theta = 1.240972e+002 °  Phi = 1.480085e+001 °


Capacitance == 91 pF, 300 kHz
Ex: Length = 1.170723e+000 m  Theta = 1.195755e+002 °  Phi = -1.346412e+002 °
Ey: Length = 1.414945e+000 m  Theta = 1.141597e+002 °  Phi = 1.272733e+002 °
Ez: Length = 9.614818e-001 m  Theta = 1.240614e+002 °  Phi = 1.478017e+001 °


Capacitance == 92 pF, 300 kHz
Ex: Length = 1.162920e+000 m  Theta = 1.195506e+002 °  Phi = -1.346174e+002 °
Ey: Length = 1.405255e+000 m  Theta = 1.141405e+002 °  Phi = 1.272662e+002 °
Ez: Length = 9.553459e-001 m  Theta = 1.240260e+002 °  Phi = 1.475982e+001 °


Capacitance == 93 pF, 300 kHz
Ex: Length = 1.155221e+000 m  Theta = 1.195261e+002 °  Phi = -1.345940e+002 °
Ey: Length = 1.395698e+000 m  Theta = 1.141215e+002 °  Phi = 1.272592e+002 °
Ez: Length = 9.492885e-001 m  Theta = 1.239912e+002 °  Phi = 1.473978e+001 °


Capacitance == 94 pF, 300 kHz
Ex: Length = 1.147625e+000 m  Theta = 1.195019e+002 °  Phi = -1.345709e+002 °
Ey: Length = 1.386270e+000 m  Theta = 1.141027e+002 °  Phi = 1.272524e+002 °
Ez: Length = 9.433080e-001 m  Theta = 1.239569e+002 °  Phi = 1.472005e+001 °


Capacitance == 95 pF, 300 kHz
Ex: Length = 1.140128e+000 m  Theta = 1.194780e+002 °  Phi = -1.345482e+002 °
Ey: Length = 1.376970e+000 m  Theta = 1.140843e+002 °  Phi = 1.272456e+002 °
Ez: Length = 9.374029e-001 m  Theta = 1.239230e+002 °  Phi = 1.470061e+001 °


Capacitance == 96 pF, 300 kHz
Ex: Length = 1.132730e+000 m  Theta = 1.194545e+002 °  Phi = -1.345257e+002 °
Ey: Length = 1.367795e+000 m  Theta = 1.140661e+002 °  Phi = 1.272389e+002 °
Ez: Length = 9.315719e-001 m  Theta = 1.238897e+002 °  Phi = 1.468147e+001 °


Capacitance == 97 pF, 300 kHz
Ex: Length = 1.125428e+000 m  Theta = 1.194312e+002 °  Phi = -1.345036e+002 °
Ey: Length = 1.358743e+000 m  Theta = 1.140481e+002 °  Phi = 1.272324e+002 °
Ez: Length = 9.258135e-001 m  Theta = 1.238568e+002 °  Phi = 1.466262e+001 °


Capacitance == 98 pF, 300 kHz
Ex: Length = 1.118220e+000 m  Theta = 1.194083e+002 °  Phi = -1.344819e+002 °
Ey: Length = 1.349810e+000 m  Theta = 1.140303e+002 °  Phi = 1.272259e+002 °
Ez: Length = 9.201264e-001 m  Theta = 1.238244e+002 °  Phi = 1.464405e+001 °


Capacitance == 99 pF, 300 kHz
Ex: Length = 1.111105e+000 m  Theta = 1.193857e+002 °  Phi = -1.344604e+002 °
Ey: Length = 1.340995e+000 m  Theta = 1.140128e+002 °  Phi = 1.272195e+002 °
Ez: Length = 9.145092e-001 m  Theta = 1.237924e+002 °  Phi = 1.462575e+001 °


Capacitance == 100 pF, 300 kHz
Ex: Length = 1.104081e+000 m  Theta = 1.193634e+002 °  Phi = -1.344392e+002 °
Ey: Length = 1.332295e+000 m  Theta = 1.139955e+002 °  Phi = 1.272132e+002 °
Ez: Length = 9.089607e-001 m  Theta = 1.237609e+002 °  Phi = 1.460771e+001 °


Capacitance == 101 pF, 300 kHz
Ex: Length = 1.097145e+000 m  Theta = 1.193414e+002 °  Phi = -1.344183e+002 °
Ey: Length = 1.323708e+000 m  Theta = 1.139785e+002 °  Phi = 1.272069e+002 °
Ez: Length = 9.034795e-001 m  Theta = 1.237298e+002 °  Phi = 1.458994e+001 °


Capacitance == 102 pF, 300 kHz
Ex: Length = 1.090297e+000 m  Theta = 1.193197e+002 °  Phi = -1.343977e+002 °
Ey: Length = 1.315232e+000 m  Theta = 1.139617e+002 °  Phi = 1.272008e+002 °
Ez: Length = 8.980646e-001 m  Theta = 1.236991e+002 °  Phi = 1.457243e+001 °


Capacitance == 103 pF, 300 kHz
Ex: Length = 1.083535e+000 m  Theta = 1.192983e+002 °  Phi = -1.343774e+002 °
Ey: Length = 1.306865e+000 m  Theta = 1.139451e+002 °  Phi = 1.271947e+002 °
Ez: Length = 8.927145e-001 m  Theta = 1.236689e+002 °  Phi = 1.455516e+001 °


Capacitance == 104 pF, 300 kHz
Ex: Length = 1.076856e+000 m  Theta = 1.192771e+002 °  Phi = -1.343574e+002 °
Ey: Length = 1.298604e+000 m  Theta = 1.139286e+002 °  Phi = 1.271887e+002 °
Ez: Length = 8.874283e-001 m  Theta = 1.236390e+002 °  Phi = 1.453815e+001 °


Capacitance == 105 pF, 300 kHz
Ex: Length = 1.070260e+000 m  Theta = 1.192562e+002 °  Phi = -1.343376e+002 °
Ey: Length = 1.290447e+000 m  Theta = 1.139125e+002 °  Phi = 1.271828e+002 °
Ez: Length = 8.822047e-001 m  Theta = 1.236096e+002 °  Phi = 1.452137e+001 °


Capacitance == 106 pF, 300 kHz
Ex: Length = 1.063745e+000 m  Theta = 1.192356e+002 °  Phi = -1.343181e+002 °
Ey: Length = 1.282393e+000 m  Theta = 1.138965e+002 °  Phi = 1.271770e+002 °
Ez: Length = 8.770426e-001 m  Theta = 1.235805e+002 °  Phi = 1.450482e+001 °


Capacitance == 107 pF, 300 kHz
Ex: Length = 1.057310e+000 m  Theta = 1.192152e+002 °  Phi = -1.342989e+002 °
Ey: Length = 1.274440e+000 m  Theta = 1.138807e+002 °  Phi = 1.271713e+002 °
Ez: Length = 8.719410e-001 m  Theta = 1.235519e+002 °  Phi = 1.448851e+001 °


Capacitance == 108 pF, 300 kHz
Ex: Length = 1.050952e+000 m  Theta = 1.191951e+002 °  Phi = -1.342799e+002 °
Ey: Length = 1.266585e+000 m  Theta = 1.138651e+002 °  Phi = 1.271656e+002 °
Ez: Length = 8.668987e-001 m  Theta = 1.235236e+002 °  Phi = 1.447242e+001 °


Capacitance == 109 pF, 300 kHz
Ex: Length = 1.044671e+000 m  Theta = 1.191753e+002 °  Phi = -1.342611e+002 °
Ey: Length = 1.258827e+000 m  Theta = 1.138497e+002 °  Phi = 1.271600e+002 °
Ez: Length = 8.619148e-001 m  Theta = 1.234956e+002 °  Phi = 1.445656e+001 °


Capacitance == 110 pF, 300 kHz
Ex: Length = 1.038465e+000 m  Theta = 1.191557e+002 °  Phi = -1.342426e+002 °
Ey: Length = 1.251165e+000 m  Theta = 1.138345e+002 °  Phi = 1.271545e+002 °
Ez: Length = 8.569882e-001 m  Theta = 1.234681e+002 °  Phi = 1.444090e+001 °


