This file contains any messages produced by compilers while
running configure, to aid debugging if configure makes a mistake.

It was created by configure, which was
generated by GNU Autoconf 2.59.  Invocation command line was

  $ ./configure 

## --------- ##
## Platform. ##
## --------- ##

hostname = aerobuntu
uname -m = x86_64
uname -r = 2.6.32-34-generic
uname -s = Linux
uname -v = #77-Ubuntu SMP Tue Sep 13 19:39:17 UTC 2011

/usr/bin/uname -p = unknown
/bin/uname -X     = unknown

/bin/arch              = unknown
/usr/bin/arch -k       = unknown
/usr/convex/getsysinfo = unknown
hostinfo               = unknown
/bin/machine           = unknown
/usr/bin/oslevel       = unknown
/bin/universe          = unknown

PATH: /home/tho/intel/composer_xe_2011_sp1.6.233/bin/intel64
PATH: /home/tho/bin
PATH: /home/tho/concept/bin
PATH: /usr/local/sbin
PATH: /usr/local/bin
PATH: /usr/sbin
PATH: /usr/bin
PATH: /sbin
PATH: /bin
PATH: /usr/games
PATH: /home/tho/intel/composer_xe_2011_sp1.6.233/mpirt/bin/intel64


## ----------- ##
## Core tests. ##
## ----------- ##

configure:1539: checking for a BSD-compatible install
configure:1594: result: /usr/bin/install -c
configure:1605: checking whether build environment is sane
configure:1648: result: yes
configure:1681: checking for gawk
configure:1697: found /usr/bin/gawk
configure:1707: result: gawk
configure:1717: checking whether make sets $(MAKE)
configure:1737: result: yes
configure:1960: checking for g++
configure:1976: found /usr/bin/g++
configure:1986: result: g++
configure:2002: checking for C++ compiler version
configure:2005: g++ --version </dev/null >&5
g++ (Ubuntu 4.4.3-4ubuntu5) 4.4.3
Copyright (C) 2009 Free Software Foundation, Inc.
This is free software; see the source for copying conditions.  There is NO
warranty; not even for MERCHANTABILITY or FITNESS FOR A PARTICULAR PURPOSE.

configure:2008: $? = 0
configure:2010: g++ -v </dev/null >&5
Using built-in specs.
Target: x86_64-linux-gnu
Configured with: ../src/configure -v --with-pkgversion='Ubuntu 4.4.3-4ubuntu5' --with-bugurl=file:///usr/share/doc/gcc-4.4/README.Bugs --enable-languages=c,c++,fortran,objc,obj-c++ --prefix=/usr --enable-shared --enable-multiarch --enable-linker-build-id --with-system-zlib --libexecdir=/usr/lib --without-included-gettext --enable-threads=posix --with-gxx-include-dir=/usr/include/c++/4.4 --program-suffix=-4.4 --enable-nls --enable-clocale=gnu --enable-libstdcxx-debug --enable-plugin --enable-objc-gc --disable-werror --with-arch-32=i486 --with-tune=generic --enable-checking=release --build=x86_64-linux-gnu --host=x86_64-linux-gnu --target=x86_64-linux-gnu
Thread model: posix
gcc version 4.4.3 (Ubuntu 4.4.3-4ubuntu5) 
configure:2013: $? = 0
configure:2015: g++ -V </dev/null >&5
g++: '-V' option must have argument
configure:2018: $? = 1
configure:2041: checking for C++ compiler default output file name
configure:2044: g++    conftest.cc  >&5
configure:2047: $? = 0
configure:2093: result: a.out
configure:2098: checking whether the C++ compiler works
configure:2104: ./a.out
configure:2107: $? = 0
configure:2124: result: yes
configure:2131: checking whether we are cross compiling
configure:2133: result: no
configure:2136: checking for suffix of executables
configure:2138: g++ -o conftest    conftest.cc  >&5
configure:2141: $? = 0
configure:2166: result: 
configure:2172: checking for suffix of object files
configure:2193: g++ -c   conftest.cc >&5
configure:2196: $? = 0
configure:2218: result: o
configure:2222: checking whether we are using the GNU C++ compiler
configure:2246: g++ -c   conftest.cc >&5
configure:2252: $? = 0
configure:2255: test -z 			 || test ! -s conftest.err
configure:2258: $? = 0
configure:2261: test -s conftest.o
configure:2264: $? = 0
configure:2277: result: yes
configure:2283: checking whether g++ accepts -g
configure:2304: g++ -c -g  conftest.cc >&5
configure:2310: $? = 0
configure:2313: test -z 			 || test ! -s conftest.err
configure:2316: $? = 0
configure:2319: test -s conftest.o
configure:2322: $? = 0
configure:2333: result: yes
configure:2375: g++ -c -g -O2  conftest.cc >&5
configure:2381: $? = 0
configure:2384: test -z 			 || test ! -s conftest.err
configure:2387: $? = 0
configure:2390: test -s conftest.o
configure:2393: $? = 0
configure:2419: g++ -c -g -O2  conftest.cc >&5
conftest.cc: In function 'int main()':
conftest.cc:15: error: 'exit' was not declared in this scope
configure:2425: $? = 1
configure: failed program was:
| /* confdefs.h.  */
| 
| #define PACKAGE_NAME ""
| #define PACKAGE_TARNAME ""
| #define PACKAGE_VERSION ""
| #define PACKAGE_STRING ""
| #define PACKAGE_BUGREPORT ""
| #define PACKAGE "necpp"
| #define VERSION "1.1.1"
| /* end confdefs.h.  */
| 
| int
| main ()
| {
| exit (42);
|   ;
|   return 0;
| }
configure:2375: g++ -c -g -O2  conftest.cc >&5
conftest.cc:11: error: 'void std::exit(int)' should have been declared inside 'std'
configure:2381: $? = 1
configure: failed program was:
| /* confdefs.h.  */
| 
| #define PACKAGE_NAME ""
| #define PACKAGE_TARNAME ""
| #define PACKAGE_VERSION ""
| #define PACKAGE_STRING ""
| #define PACKAGE_BUGREPORT ""
| #define PACKAGE "necpp"
| #define VERSION "1.1.1"
| /* end confdefs.h.  */
| extern "C" void std::exit (int) throw (); using std::exit;
| #include <stdlib.h>
| int
| main ()
| {
| exit (42);
|   ;
|   return 0;
| }
configure:2375: g++ -c -g -O2  conftest.cc >&5
conftest.cc:11: error: 'void std::exit(int)' should have been declared inside 'std'
In file included from conftest.cc:12:
/usr/include/stdlib.h:543: error: declaration of 'void std::exit(int) throw ()' throws different exceptions
conftest.cc:11: error: from previous declaration 'void std::exit(int)'
configure:2381: $? = 1
configure: failed program was:
| /* confdefs.h.  */
| 
| #define PACKAGE_NAME ""
| #define PACKAGE_TARNAME ""
| #define PACKAGE_VERSION ""
| #define PACKAGE_STRING ""
| #define PACKAGE_BUGREPORT ""
| #define PACKAGE "necpp"
| #define VERSION "1.1.1"
| /* end confdefs.h.  */
| extern "C" void std::exit (int); using std::exit;
| #include <stdlib.h>
| int
| main ()
| {
| exit (42);
|   ;
|   return 0;
| }
configure:2375: g++ -c -g -O2  conftest.cc >&5
configure:2381: $? = 0
configure:2384: test -z 			 || test ! -s conftest.err
configure:2387: $? = 0
configure:2390: test -s conftest.o
configure:2393: $? = 0
configure:2419: g++ -c -g -O2  conftest.cc >&5
configure:2425: $? = 0
configure:2428: test -z 			 || test ! -s conftest.err
configure:2431: $? = 0
configure:2434: test -s conftest.o
configure:2437: $? = 0
configure:2471: checking for style of include used by make
configure:2499: result: GNU
configure:2527: checking dependency style of g++
configure:2610: result: gcc3
configure:2705: checking build system type
configure:2723: result: x86_64-unknown-linux-gnu
configure:2731: checking host system type
configure:2745: result: x86_64-unknown-linux-gnu
configure:2799: checking for gcc
configure:2815: found /usr/bin/gcc
configure:2825: result: gcc
configure:3069: checking for C compiler version
configure:3072: gcc --version </dev/null >&5
gcc (Ubuntu 4.4.3-4ubuntu5) 4.4.3
Copyright (C) 2009 Free Software Foundation, Inc.
This is free software; see the source for copying conditions.  There is NO
warranty; not even for MERCHANTABILITY or FITNESS FOR A PARTICULAR PURPOSE.

configure:3075: $? = 0
configure:3077: gcc -v </dev/null >&5
Using built-in specs.
Target: x86_64-linux-gnu
Configured with: ../src/configure -v --with-pkgversion='Ubuntu 4.4.3-4ubuntu5' --with-bugurl=file:///usr/share/doc/gcc-4.4/README.Bugs --enable-languages=c,c++,fortran,objc,obj-c++ --prefix=/usr --enable-shared --enable-multiarch --enable-linker-build-id --with-system-zlib --libexecdir=/usr/lib --without-included-gettext --enable-threads=posix --with-gxx-include-dir=/usr/include/c++/4.4 --program-suffix=-4.4 --enable-nls --enable-clocale=gnu --enable-libstdcxx-debug --enable-plugin --enable-objc-gc --disable-werror --with-arch-32=i486 --with-tune=generic --enable-checking=release --build=x86_64-linux-gnu --host=x86_64-linux-gnu --target=x86_64-linux-gnu
Thread model: posix
gcc version 4.4.3 (Ubuntu 4.4.3-4ubuntu5) 
configure:3080: $? = 0
configure:3082: gcc -V </dev/null >&5
gcc: '-V' option must have argument
configure:3085: $? = 1
configure:3088: checking whether we are using the GNU C compiler
configure:3112: gcc -c   conftest.c >&5
configure:3118: $? = 0
configure:3121: test -z 			 || test ! -s conftest.err
configure:3124: $? = 0
configure:3127: test -s conftest.o
configure:3130: $? = 0
configure:3143: result: yes
configure:3149: checking whether gcc accepts -g
configure:3170: gcc -c -g  conftest.c >&5
configure:3176: $? = 0
configure:3179: test -z 			 || test ! -s conftest.err
configure:3182: $? = 0
configure:3185: test -s conftest.o
configure:3188: $? = 0
configure:3199: result: yes
configure:3216: checking for gcc option to accept ANSI C
configure:3286: gcc  -c -g -O2  conftest.c >&5
configure:3292: $? = 0
configure:3295: test -z 			 || test ! -s conftest.err
configure:3298: $? = 0
configure:3301: test -s conftest.o
configure:3304: $? = 0
configure:3322: result: none needed
configure:3340: gcc -c -g -O2  conftest.c >&5
conftest.c:2: error: expected '=', ',', ';', 'asm' or '__attribute__' before 'me'
configure:3346: $? = 1
configure: failed program was:
| #ifndef __cplusplus
|   choke me
| #endif
configure:3478: checking dependency style of gcc
configure:3561: result: gcc3
configure:3578: checking for a sed that does not truncate output
configure:3632: result: /bin/sed
configure:3635: checking for egrep
configure:3645: result: grep -E
configure:3661: checking for ld used by gcc
configure:3728: result: /usr/bin/ld
configure:3737: checking if the linker (/usr/bin/ld) is GNU ld
configure:3752: result: yes
configure:3757: checking for /usr/bin/ld option to reload object files
configure:3764: result: -r
configure:3773: checking for BSD-compatible nm
configure:3815: result: /usr/bin/nm -B
configure:3819: checking whether ln -s works
configure:3823: result: yes
configure:3830: checking how to recognise dependent libraries
configure:4004: result: pass_all
configure:4089: g++ -c -g -O2  conftest.cc >&5
configure:4092: $? = 0
configure:4217: checking how to run the C preprocessor
configure:4252: gcc -E  conftest.c
configure:4258: $? = 0
configure:4290: gcc -E  conftest.c
conftest.c:14:28: error: ac_nonexistent.h: No such file or directory
configure:4296: $? = 1
configure: failed program was:
| /* confdefs.h.  */
| 
| #define PACKAGE_NAME ""
| #define PACKAGE_TARNAME ""
| #define PACKAGE_VERSION ""
| #define PACKAGE_STRING ""
| #define PACKAGE_BUGREPORT ""
| #define PACKAGE "necpp"
| #define VERSION "1.1.1"
| #ifdef __cplusplus
| extern "C" void exit (int) throw ();
| #endif
| /* end confdefs.h.  */
| #include <ac_nonexistent.h>
configure:4335: result: gcc -E
configure:4359: gcc -E  conftest.c
configure:4365: $? = 0
configure:4397: gcc -E  conftest.c
conftest.c:14:28: error: ac_nonexistent.h: No such file or directory
configure:4403: $? = 1
configure: failed program was:
| /* confdefs.h.  */
| 
| #define PACKAGE_NAME ""
| #define PACKAGE_TARNAME ""
| #define PACKAGE_VERSION ""
| #define PACKAGE_STRING ""
| #define PACKAGE_BUGREPORT ""
| #define PACKAGE "necpp"
| #define VERSION "1.1.1"
| #ifdef __cplusplus
| extern "C" void exit (int) throw ();
| #endif
| /* end confdefs.h.  */
| #include <ac_nonexistent.h>
configure:4447: checking for ANSI C header files
configure:4472: gcc -c -g -O2  conftest.c >&5
configure:4478: $? = 0
configure:4481: test -z 			 || test ! -s conftest.err
configure:4484: $? = 0
configure:4487: test -s conftest.o
configure:4490: $? = 0
configure:4579: gcc -o conftest -g -O2   conftest.c  >&5
conftest.c: In function 'main':
conftest.c:31: warning: incompatible implicit declaration of built-in function 'exit'
configure:4582: $? = 0
configure:4584: ./conftest
configure:4587: $? = 0
configure:4602: result: yes
configure:4626: checking for sys/types.h
configure:4642: gcc -c -g -O2  conftest.c >&5
configure:4648: $? = 0
configure:4651: test -z 			 || test ! -s conftest.err
configure:4654: $? = 0
configure:4657: test -s conftest.o
configure:4660: $? = 0
configure:4671: result: yes
configure:4626: checking for sys/stat.h
configure:4642: gcc -c -g -O2  conftest.c >&5
configure:4648: $? = 0
configure:4651: test -z 			 || test ! -s conftest.err
configure:4654: $? = 0
configure:4657: test -s conftest.o
configure:4660: $? = 0
configure:4671: result: yes
configure:4626: checking for stdlib.h
configure:4642: gcc -c -g -O2  conftest.c >&5
configure:4648: $? = 0
configure:4651: test -z 			 || test ! -s conftest.err
configure:4654: $? = 0
configure:4657: test -s conftest.o
configure:4660: $? = 0
configure:4671: result: yes
configure:4626: checking for string.h
configure:4642: gcc -c -g -O2  conftest.c >&5
configure:4648: $? = 0
configure:4651: test -z 			 || test ! -s conftest.err
configure:4654: $? = 0
configure:4657: test -s conftest.o
configure:4660: $? = 0
configure:4671: result: yes
configure:4626: checking for memory.h
configure:4642: gcc -c -g -O2  conftest.c >&5
configure:4648: $? = 0
configure:4651: test -z 			 || test ! -s conftest.err
configure:4654: $? = 0
configure:4657: test -s conftest.o
configure:4660: $? = 0
configure:4671: result: yes
configure:4626: checking for strings.h
configure:4642: gcc -c -g -O2  conftest.c >&5
configure:4648: $? = 0
configure:4651: test -z 			 || test ! -s conftest.err
configure:4654: $? = 0
configure:4657: test -s conftest.o
configure:4660: $? = 0
configure:4671: result: yes
configure:4626: checking for inttypes.h
configure:4642: gcc -c -g -O2  conftest.c >&5
configure:4648: $? = 0
configure:4651: test -z 			 || test ! -s conftest.err
configure:4654: $? = 0
configure:4657: test -s conftest.o
configure:4660: $? = 0
configure:4671: result: yes
configure:4626: checking for stdint.h
configure:4642: gcc -c -g -O2  conftest.c >&5
configure:4648: $? = 0
configure:4651: test -z 			 || test ! -s conftest.err
configure:4654: $? = 0
configure:4657: test -s conftest.o
configure:4660: $? = 0
configure:4671: result: yes
configure:4626: checking for unistd.h
configure:4642: gcc -c -g -O2  conftest.c >&5
configure:4648: $? = 0
configure:4651: test -z 			 || test ! -s conftest.err
configure:4654: $? = 0
configure:4657: test -s conftest.o
configure:4660: $? = 0
configure:4671: result: yes
configure:4697: checking dlfcn.h usability
configure:4709: gcc -c -g -O2  conftest.c >&5
configure:4715: $? = 0
configure:4718: test -z 			 || test ! -s conftest.err
configure:4721: $? = 0
configure:4724: test -s conftest.o
configure:4727: $? = 0
configure:4737: result: yes
configure:4741: checking dlfcn.h presence
configure:4751: gcc -E  conftest.c
configure:4757: $? = 0
configure:4777: result: yes
configure:4812: checking for dlfcn.h
configure:4819: result: yes
configure:4837: checking how to run the C++ preprocessor
configure:4868: g++ -E  conftest.cc
configure:4874: $? = 0
configure:4906: g++ -E  conftest.cc
conftest.cc:25:28: error: ac_nonexistent.h: No such file or directory
configure:4912: $? = 1
configure: failed program was:
| /* confdefs.h.  */
| 
| #define PACKAGE_NAME ""
| #define PACKAGE_TARNAME ""
| #define PACKAGE_VERSION ""
| #define PACKAGE_STRING ""
| #define PACKAGE_BUGREPORT ""
| #define PACKAGE "necpp"
| #define VERSION "1.1.1"
| #ifdef __cplusplus
| extern "C" void exit (int) throw ();
| #endif
| #define STDC_HEADERS 1
| #define HAVE_SYS_TYPES_H 1
| #define HAVE_SYS_STAT_H 1
| #define HAVE_STDLIB_H 1
| #define HAVE_STRING_H 1
| #define HAVE_MEMORY_H 1
| #define HAVE_STRINGS_H 1
| #define HAVE_INTTYPES_H 1
| #define HAVE_STDINT_H 1
| #define HAVE_UNISTD_H 1
| #define HAVE_DLFCN_H 1
| /* end confdefs.h.  */
| #include <ac_nonexistent.h>
configure:4951: result: g++ -E
configure:4975: g++ -E  conftest.cc
configure:4981: $? = 0
configure:5013: g++ -E  conftest.cc
conftest.cc:25:28: error: ac_nonexistent.h: No such file or directory
configure:5019: $? = 1
configure: failed program was:
| /* confdefs.h.  */
| 
| #define PACKAGE_NAME ""
| #define PACKAGE_TARNAME ""
| #define PACKAGE_VERSION ""
| #define PACKAGE_STRING ""
| #define PACKAGE_BUGREPORT ""
| #define PACKAGE "necpp"
| #define VERSION "1.1.1"
| #ifdef __cplusplus
| extern "C" void exit (int) throw ();
| #endif
| #define STDC_HEADERS 1
| #define HAVE_SYS_TYPES_H 1
| #define HAVE_SYS_STAT_H 1
| #define HAVE_STDLIB_H 1
| #define HAVE_STRING_H 1
| #define HAVE_MEMORY_H 1
| #define HAVE_STRINGS_H 1
| #define HAVE_INTTYPES_H 1
| #define HAVE_STDINT_H 1
| #define HAVE_UNISTD_H 1
| #define HAVE_DLFCN_H 1
| /* end confdefs.h.  */
| #include <ac_nonexistent.h>
configure:5114: checking for g77
configure:5143: result: no
configure:5114: checking for f77
configure:5130: found /usr/bin/f77
configure:5140: result: f77
configure:5155: checking for Fortran 77 compiler version
configure:5158: f77 --version </dev/null >&5
/usr/bin/f77: Illegal option: --version
configure:5161: $? = 255
configure:5163: f77 -v </dev/null >&5
/usr/bin/f77: fort77 Version 1.15
/usr/bin/f77: No input files specified
configure:5166: $? = 255
configure:5168: f77 -V </dev/null >&5
/usr/bin/f77 : Missing argument to "-V"
configure:5171: $? = 255
configure:5179: checking whether we are using the GNU Fortran 77 compiler
configure:5193: f77 -c  conftest.F >&5
   MAIN main:
configure:5199: $? = 0
configure:5202: test -z 			 || test ! -s conftest.err
configure:5205: $? = 0
configure:5208: test -s conftest.o
configure:5211: $? = 0
configure:5224: result: yes
configure:5230: checking whether f77 accepts -g
configure:5242: f77 -c -g conftest.f >&5
   MAIN main:
configure:5248: $? = 0
configure:5251: test -z 			 || test ! -s conftest.err
configure:5254: $? = 0
configure:5257: test -s conftest.o
configure:5260: $? = 0
configure:5272: result: yes
configure:5302: checking the maximum length of command line arguments
configure:5367: result: 32768
configure:5378: checking command to parse /usr/bin/nm -B output from gcc object
configure:5467: g++ -c -g -O2  conftest.cc >&5
configure:5470: $? = 0
configure:5474: /usr/bin/nm -B conftest.o \| sed -n -e 's/^.*[ 	]\([ABCDGIRSTW][ABCDGIRSTW]*\)[ 	][ 	]*\(\)\([_A-Za-z][_A-Za-z0-9]*\)$/\1 \2\3 \3/p' \> conftest.nm
configure:5477: $? = 0
configure:5529: g++ -o conftest -g -O2   conftest.cc conftstm.o >&5
configure:5532: $? = 0
configure:5570: result: ok
configure:5574: checking for objdir
configure:5589: result: .libs
configure:5679: checking for ar
configure:5695: found /usr/bin/ar
configure:5706: result: ar
configure:5759: checking for ranlib
configure:5775: found /usr/bin/ranlib
configure:5786: result: ranlib
configure:5839: checking for strip
configure:5855: found /usr/bin/strip
configure:5866: result: strip
configure:6128: checking if gcc static flag  works
configure:6151: result: yes
configure:6169: checking if gcc supports -fno-rtti -fno-exceptions
configure:6187: gcc -c -g -O2  -fno-rtti -fno-exceptions conftest.c >&5
cc1: warning: command line option "-fno-rtti" is valid for C++/ObjC++ but not for C
configure:6191: $? = 0
configure:6202: result: no
configure:6217: checking for gcc option to produce PIC
configure:6394: result: -fPIC
configure:6402: checking if gcc PIC flag -fPIC works
configure:6420: gcc -c -g -O2  -fPIC -DPIC conftest.c >&5
configure:6424: $? = 0
configure:6435: result: yes
configure:6459: checking if gcc supports -c -o file.o
configure:6480: gcc -c -g -O2  -o out/conftest2.o conftest.c >&5
configure:6484: $? = 0
configure:6504: result: yes
configure:6530: checking whether the gcc linker (/usr/bin/ld -m elf_x86_64) supports shared libraries
configure:7377: result: yes
configure:7403: checking whether -lc should be explicitly linked in
configure:7408: gcc -c -g -O2  conftest.c >&5
configure:7411: $? = 0
configure:7425: gcc -shared conftest.o  -v -Wl,-soname -Wl,conftest -o conftest 2\>\&1 \| grep  -lc  \>/dev/null 2\>\&1
configure:7428: $? = 0
configure:7440: result: no
configure:7448: checking dynamic linker characteristics
configure:8000: result: GNU/Linux ld.so
configure:8004: checking how to hardcode library paths into programs
configure:8029: result: immediate
configure:8043: checking whether stripping libraries is possible
configure:8048: result: yes
configure:8871: checking if libtool supports shared libraries
configure:8873: result: yes
configure:8876: checking whether to build shared libraries
configure:8934: result: yes
configure:8937: checking whether to build static libraries
configure:8941: result: yes
configure:9033: creating libtool
configure:9580: checking for ld used by g++
configure:9647: result: /usr/bin/ld -m elf_x86_64
configure:9656: checking if the linker (/usr/bin/ld -m elf_x86_64) is GNU ld
configure:9671: result: yes
configure:9722: checking whether the g++ linker (/usr/bin/ld -m elf_x86_64) supports shared libraries
configure:10548: result: yes
configure:10566: g++ -c -g -O2  conftest.cc >&5
configure:10569: $? = 0
configure:10665: checking for g++ option to produce PIC
configure:10917: result: -fPIC
configure:10925: checking if g++ PIC flag -fPIC works
configure:10943: g++ -c -g -O2  -fPIC -DPIC conftest.cc >&5
configure:10947: $? = 0
configure:10958: result: yes
configure:10982: checking if g++ supports -c -o file.o
configure:11003: g++ -c -g -O2  -o out/conftest2.o conftest.cc >&5
configure:11007: $? = 0
configure:11027: result: yes
configure:11053: checking whether the g++ linker (/usr/bin/ld -m elf_x86_64) supports shared libraries
configure:11081: result: yes
configure:11152: checking dynamic linker characteristics
configure:11704: result: GNU/Linux ld.so
configure:11708: checking how to hardcode library paths into programs
configure:11733: result: immediate
configure:11747: checking whether stripping libraries is possible
configure:11752: result: yes
configure:13052: checking if libtool supports shared libraries
configure:13054: result: yes
configure:13057: checking whether to build shared libraries
configure:13075: result: yes
configure:13078: checking whether to build static libraries
configure:13082: result: yes
configure:13094: checking for f77 option to produce PIC
configure:13271: result: -fPIC
configure:13279: checking if f77 PIC flag -fPIC works
configure:13297: f77 -c -g -O2 -fPIC conftest.f >&5
   t:
configure:13301: $? = 0
configure:13312: result: no
configure:13336: checking if f77 supports -c -o file.o
configure:13357: f77 -c -g -O2 -o out/conftest2.o conftest.f >&5
   t:
configure:13361: $? = 0
configure:13381: result: no
configure:13407: checking whether the f77 linker (/usr/bin/ld -m elf_x86_64) supports shared libraries
configure:14234: result: yes
configure:14305: checking dynamic linker characteristics
configure:14857: result: GNU/Linux ld.so
configure:14861: checking how to hardcode library paths into programs
configure:14886: result: immediate
configure:14900: checking whether stripping libraries is possible
configure:14905: result: yes
configure:19113: creating ./config.status

## ---------------------- ##
## Running config.status. ##
## ---------------------- ##

This file was extended by config.status, which was
generated by GNU Autoconf 2.59.  Invocation command line was

  CONFIG_FILES    = 
  CONFIG_HEADERS  = 
  CONFIG_LINKS    = 
  CONFIG_COMMANDS = 
  $ ./config.status 

on aerobuntu

config.status:751: creating Makefile
config.status:751: creating src/Makefile
config.status:817: creating config.h
config.status:925: config.h is unchanged
config.status:1105: executing depfiles commands

## ---------------- ##
## Cache variables. ##
## ---------------- ##

ac_cv_build=x86_64-unknown-linux-gnu
ac_cv_build_alias=x86_64-unknown-linux-gnu
ac_cv_c_compiler_gnu=yes
ac_cv_cxx_compiler_gnu=yes
ac_cv_env_CC_set=
ac_cv_env_CC_value=
ac_cv_env_CFLAGS_set=
ac_cv_env_CFLAGS_value=
ac_cv_env_CPPFLAGS_set=
ac_cv_env_CPPFLAGS_value=
ac_cv_env_CPP_set=
ac_cv_env_CPP_value=
ac_cv_env_CXXCPP_set=
ac_cv_env_CXXCPP_value=
ac_cv_env_CXXFLAGS_set=
ac_cv_env_CXXFLAGS_value=
ac_cv_env_CXX_set=
ac_cv_env_CXX_value=
ac_cv_env_F77_set=
ac_cv_env_F77_value=
ac_cv_env_FFLAGS_set=
ac_cv_env_FFLAGS_value=
ac_cv_env_LDFLAGS_set=
ac_cv_env_LDFLAGS_value=
ac_cv_env_build_alias_set=
ac_cv_env_build_alias_value=
ac_cv_env_host_alias_set=
ac_cv_env_host_alias_value=
ac_cv_env_target_alias_set=
ac_cv_env_target_alias_value=
ac_cv_exeext=
ac_cv_f77_compiler_gnu=yes
ac_cv_header_dlfcn_h=yes
ac_cv_header_inttypes_h=yes
ac_cv_header_memory_h=yes
ac_cv_header_stdc=yes
ac_cv_header_stdint_h=yes
ac_cv_header_stdlib_h=yes
ac_cv_header_string_h=yes
ac_cv_header_strings_h=yes
ac_cv_header_sys_stat_h=yes
ac_cv_header_sys_types_h=yes
ac_cv_header_unistd_h=yes
ac_cv_host=x86_64-unknown-linux-gnu
ac_cv_host_alias=x86_64-unknown-linux-gnu
ac_cv_objext=o
ac_cv_path_install='/usr/bin/install -c'
ac_cv_prog_AWK=gawk
ac_cv_prog_CPP='gcc -E'
ac_cv_prog_CXXCPP='g++ -E'
ac_cv_prog_ac_ct_AR=ar
ac_cv_prog_ac_ct_CC=gcc
ac_cv_prog_ac_ct_CXX=g++
ac_cv_prog_ac_ct_F77=f77
ac_cv_prog_ac_ct_RANLIB=ranlib
ac_cv_prog_ac_ct_STRIP=strip
ac_cv_prog_cc_g=yes
ac_cv_prog_cc_stdc=
ac_cv_prog_cxx_g=yes
ac_cv_prog_egrep='grep -E'
ac_cv_prog_f77_g=yes
ac_cv_prog_make_make_set=yes
am_cv_CC_dependencies_compiler_type=gcc3
am_cv_CXX_dependencies_compiler_type=gcc3
lt_cv_deplibs_check_method=pass_all
lt_cv_file_magic_cmd='$MAGIC_CMD'
lt_cv_file_magic_test_file=
lt_cv_ld_reload_flag=-r
lt_cv_objdir=.libs
lt_cv_path_LD=/usr/bin/ld
lt_cv_path_LDCXX='/usr/bin/ld -m elf_x86_64'
lt_cv_path_NM='/usr/bin/nm -B'
lt_cv_path_SED=/bin/sed
lt_cv_prog_compiler_c_o=yes
lt_cv_prog_compiler_c_o_CXX=yes
lt_cv_prog_compiler_c_o_F77=no
lt_cv_prog_compiler_rtti_exceptions=no
lt_cv_prog_gnu_ld=yes
lt_cv_prog_gnu_ldcxx=yes
lt_cv_sys_global_symbol_pipe='sed -n -e '\''s/^.*[ 	]\([ABCDGIRSTW][ABCDGIRSTW]*\)[ 	][ 	]*\(\)\([_A-Za-z][_A-Za-z0-9]*\)$/\1 \2\3 \3/p'\'''
lt_cv_sys_global_symbol_to_c_name_address='sed -n -e '\''s/^: \([^ ]*\) $/  {\"\1\", (lt_ptr) 0},/p'\'' -e '\''s/^[BCDEGRST] \([^ ]*\) \([^ ]*\)$/  {"\2", (lt_ptr) \&\2},/p'\'''
lt_cv_sys_global_symbol_to_cdecl='sed -n -e '\''s/^. .* \(.*\)$/extern int \1;/p'\'''
lt_cv_sys_max_cmd_len=32768
lt_lt_cv_prog_compiler_c_o='"yes"'
lt_lt_cv_prog_compiler_c_o_CXX='"yes"'
lt_lt_cv_prog_compiler_c_o_F77='"no"'
lt_lt_cv_sys_global_symbol_pipe='"sed -n -e '\''s/^.*[ 	]\\([ABCDGIRSTW][ABCDGIRSTW]*\\)[ 	][ 	]*\\(\\)\\([_A-Za-z][_A-Za-z0-9]*\\)\$/\\1 \\2\\3 \\3/p'\''"'
lt_lt_cv_sys_global_symbol_to_c_name_address='"sed -n -e '\''s/^: \\([^ ]*\\) \$/  {\\\"\\1\\\", (lt_ptr) 0},/p'\'' -e '\''s/^[BCDEGRST] \\([^ ]*\\) \\([^ ]*\\)\$/  {\"\\2\", (lt_ptr) \\&\\2},/p'\''"'
lt_lt_cv_sys_global_symbol_to_cdecl='"sed -n -e '\''s/^. .* \\(.*\\)\$/extern int \\1;/p'\''"'

## ----------------- ##
## Output variables. ##
## ----------------- ##

ACLOCAL='${SHELL} /home/tho/src/nec/necpp/necpp-1.1.1/missing --run aclocal-1.7'
AMDEPBACKSLASH='\'
AMDEP_FALSE='#'
AMDEP_TRUE=''
AMTAR='${SHELL} /home/tho/src/nec/necpp/necpp-1.1.1/missing --run tar'
AR='ar'
AUTOCONF='${SHELL} /home/tho/src/nec/necpp/necpp-1.1.1/missing --run autoconf'
AUTOHEADER='${SHELL} /home/tho/src/nec/necpp/necpp-1.1.1/missing --run autoheader'
AUTOMAKE='${SHELL} /home/tho/src/nec/necpp/necpp-1.1.1/missing --run automake-1.7'
AWK='gawk'
CC='gcc'
CCDEPMODE='depmode=gcc3'
CFLAGS='-g -O2'
CPP='gcc -E'
CPPFLAGS=''
CXX='g++'
CXXCPP='g++ -E'
CXXDEPMODE='depmode=gcc3'
CXXFLAGS='-g -O2'
CYGPATH_W='echo'
DEFS='-DHAVE_CONFIG_H'
DEPDIR='.deps'
ECHO='echo'
ECHO_C=''
ECHO_N='-n'
ECHO_T=''
EGREP='grep -E'
EXEEXT=''
F77='f77'
FFLAGS='-g -O2'
INSTALL_DATA='${INSTALL} -m 644'
INSTALL_PROGRAM='${INSTALL}'
INSTALL_SCRIPT='${INSTALL}'
INSTALL_STRIP_PROGRAM='${SHELL} $(install_sh) -c -s'
LDFLAGS=''
LIBOBJS=''
LIBS=''
LIBTOOL='$(SHELL) $(top_builddir)/libtool'
LN_S='ln -s'
LTLIBOBJS=''
MAKEINFO='${SHELL} /home/tho/src/nec/necpp/necpp-1.1.1/missing --run makeinfo'
OBJEXT='o'
PACKAGE='necpp'
PACKAGE_BUGREPORT=''
PACKAGE_NAME=''
PACKAGE_STRING=''
PACKAGE_TARNAME=''
PACKAGE_VERSION=''
PATH_SEPARATOR=':'
RANLIB='ranlib'
SET_MAKE=''
SHELL='/bin/bash'
STRIP='strip'
VERSION='1.1.1'
ac_ct_AR='ar'
ac_ct_CC='gcc'
ac_ct_CXX='g++'
ac_ct_F77='f77'
ac_ct_RANLIB='ranlib'
ac_ct_STRIP='strip'
am__fastdepCC_FALSE='#'
am__fastdepCC_TRUE=''
am__fastdepCXX_FALSE='#'
am__fastdepCXX_TRUE=''
am__include='include'
am__leading_dot='.'
am__quote=''
bindir='${exec_prefix}/bin'
build='x86_64-unknown-linux-gnu'
build_alias=''
build_cpu='x86_64'
build_os='linux-gnu'
build_vendor='unknown'
datadir='${prefix}/share'
exec_prefix='${prefix}'
host='x86_64-unknown-linux-gnu'
host_alias=''
host_cpu='x86_64'
host_os='linux-gnu'
host_vendor='unknown'
includedir='${prefix}/include'
infodir='${prefix}/info'
install_sh='/home/tho/src/nec/necpp/necpp-1.1.1/install-sh'
libdir='${exec_prefix}/lib'
libexecdir='${exec_prefix}/libexec'
localstatedir='${prefix}/var'
mandir='${prefix}/man'
oldincludedir='/usr/include'
prefix='/usr/local'
program_transform_name='s,x,x,'
sbindir='${exec_prefix}/sbin'
sharedstatedir='${prefix}/com'
sysconfdir='${prefix}/etc'
target_alias=''

## ----------- ##
## confdefs.h. ##
## ----------- ##

#define HAVE_DLFCN_H 1
#define HAVE_INTTYPES_H 1
#define HAVE_MEMORY_H 1
#define HAVE_STDINT_H 1
#define HAVE_STDLIB_H 1
#define HAVE_STRINGS_H 1
#define HAVE_STRING_H 1
#define HAVE_SYS_STAT_H 1
#define HAVE_SYS_TYPES_H 1
#define HAVE_UNISTD_H 1
#define PACKAGE "necpp"
#define PACKAGE_BUGREPORT ""
#define PACKAGE_NAME ""
#define PACKAGE_STRING ""
#define PACKAGE_TARNAME ""
#define PACKAGE_VERSION ""
#define STDC_HEADERS 1
#define VERSION "1.1.1"
#endif
#ifdef __cplusplus
extern "C" void exit (int) throw ();

configure: exit 0
