   
                                                      PAGE  1
  
  
  
     ***************************************************
  
     Actually data from co_info.bin
     --------------------------
  
     Voltage observ. points  (NZVOL):   0
     E field points          (NZFPE):   0
     H field points          (NZFPH):   0
     Frequency step width   (DELFRE):   0.100000
     Field points             (NZFP):   0
     Observ. points E tang.    (NET):   0
     Current observ. points (NZSTRO):   0
     Conducting plane       (ISPIEG):   0
     Load elements           (NZBEL):   0
     Number of frequencies    (NZFQ):   160
     Number of cables        (NZKAB):   0
     ***************************************************
  
  
  
  
  
  
  
  
  
  
  
  
  
  
  
  
  
  
  
  
  
  
  
  
  
  
  
  
  
  
  
  
  
  
  
  
  
  
  
  
  
  
  
  
  
  
  
  
  
  
   
   
                                                      PAGE  2
   
      INPUT IMPEDANCE               
      ***************
  
      POINT NUMBER:    1                    
   
        NO.  FREQUENCY    REAL PART   IMAG. PART   MAGNITUDE      PHASE      BARRIER  
              (MHZ)          (OHM)       (OHM)       (OHM)      (degrees)             
   
         1  0.1000E+01   0.9759E-01   -.3427E+04   0.3427E+04    -90.00
         2  0.1100E+01   0.1103E+00   -.3112E+04   0.3112E+04    -90.00
         3  0.1200E+01   0.1239E+00   -.2849E+04   0.2849E+04    -90.00
         4  0.1300E+01   0.1384E+00   -.2626E+04   0.2626E+04    -90.00
         5  0.1400E+01   0.1539E+00   -.2435E+04   0.2435E+04    -90.00
         6  0.1500E+01   0.1703E+00   -.2269E+04   0.2269E+04    -90.00
         7  0.1600E+01   0.1877E+00   -.2124E+04   0.2124E+04    -89.99
         8  0.1700E+01   0.2061E+00   -.1995E+04   0.1995E+04    -89.99
         9  0.1800E+01   0.2255E+00   -.1881E+04   0.1881E+04    -89.99
        10  0.1900E+01   0.2460E+00   -.1778E+04   0.1778E+04    -89.99
        11  0.2000E+01   0.2674E+00   -.1685E+04   0.1685E+04    -89.99
        12  0.2100E+01   0.2899E+00   -.1602E+04   0.1602E+04    -89.99
        13  0.2200E+01   0.3135E+00   -.1525E+04   0.1525E+04    -89.99
        14  0.2300E+01   0.3381E+00   -.1455E+04   0.1455E+04    -89.99
        15  0.2400E+01   0.3638E+00   -.1391E+04   0.1391E+04    -89.99
        16  0.2500E+01   0.3907E+00   -.1331E+04   0.1331E+04    -89.98
        17  0.2600E+01   0.4186E+00   -.1276E+04   0.1276E+04    -89.98
        18  0.2700E+01   0.4477E+00   -.1225E+04   0.1225E+04    -89.98
        19  0.2800E+01   0.4780E+00   -.1178E+04   0.1178E+04    -89.98
        20  0.2900E+01   0.5094E+00   -.1134E+04   0.1134E+04    -89.97
        21  0.3000E+01   0.5420E+00   -.1092E+04   0.1092E+04    -89.97
        22  0.3100E+01   0.5759E+00   -.1053E+04   0.1053E+04    -89.97
        23  0.3200E+01   0.6109E+00   -.1016E+04   0.1016E+04    -89.97
        24  0.3300E+01   0.6472E+00   -.9819E+03   0.9819E+03    -89.96
        25  0.3400E+01   0.6848E+00   -.9493E+03   0.9493E+03    -89.96
        26  0.3500E+01   0.7237E+00   -.9184E+03   0.9184E+03    -89.95
        27  0.3600E+01   0.7639E+00   -.8891E+03   0.8891E+03    -89.95
        28  0.3700E+01   0.8055E+00   -.8613E+03   0.8613E+03    -89.95
        29  0.3800E+01   0.8484E+00   -.8348E+03   0.8348E+03    -89.94
        30  0.3900E+01   0.8927E+00   -.8096E+03   0.8096E+03    -89.94
        31  0.4000E+01   0.9384E+00   -.7855E+03   0.7855E+03    -89.93
        32  0.4100E+01   0.9856E+00   -.7626E+03   0.7626E+03    -89.93
        33  0.4200E+01   0.1034E+01   -.7406E+03   0.7406E+03    -89.92
        34  0.4300E+01   0.1084E+01   -.7195E+03   0.7195E+03    -89.91
        35  0.4400E+01   0.1136E+01   -.6993E+03   0.6993E+03    -89.91
        36  0.4500E+01   0.1189E+01   -.6799E+03   0.6799E+03    -89.90
        37  0.4600E+01   0.1244E+01   -.6612E+03   0.6612E+03    -89.89
        38  0.4700E+01   0.1301E+01   -.6433E+03   0.6433E+03    -89.88
        39  0.4800E+01   0.1359E+01   -.6260E+03   0.6260E+03    -89.88
        40  0.4900E+01   0.1419E+01   -.6093E+03   0.6093E+03    -89.87
        41  0.5000E+01   0.1481E+01   -.5932E+03   0.5932E+03    -89.86
        42  0.5100E+01   0.1544E+01   -.5777E+03   0.5777E+03    -89.85
        43  0.5200E+01   0.1609E+01   -.5626E+03   0.5626E+03    -89.84
        44  0.5300E+01   0.1677E+01   -.5481E+03   0.5481E+03    -89.82
        45  0.5400E+01   0.1746E+01   -.5340E+03   0.5340E+03    -89.81
        46  0.5500E+01   0.1817E+01   -.5203E+03   0.5203E+03    -89.80
        47  0.5600E+01   0.1890E+01   -.5070E+03   0.5070E+03    -89.79
        48  0.5700E+01   0.1965E+01   -.4941E+03   0.4941E+03    -89.77
        49  0.5800E+01   0.2042E+01   -.4816E+03   0.4816E+03    -89.76
        50  0.5900E+01   0.2122E+01   -.4694E+03   0.4694E+03    -89.74
        51  0.6000E+01   0.2204E+01   -.4576E+03   0.4576E+03    -89.72
        52  0.6100E+01   0.2288E+01   -.4460E+03   0.4461E+03    -89.71
        53  0.6200E+01   0.2374E+01   -.4348E+03   0.4348E+03    -89.69
        54  0.6300E+01   0.2463E+01   -.4238E+03   0.4238E+03    -89.67
  
  
  
  
  
  
  
   
   
                                                      PAGE  3
   
      INPUT IMPEDANCE               
      ***************
  
      POINT NUMBER:    1                    
   
        NO.  FREQUENCY    REAL PART   IMAG. PART   MAGNITUDE      PHASE      BARRIER  
              (MHZ)          (OHM)       (OHM)       (OHM)      (degrees)             
   
        55  0.6400E+01   0.2555E+01   -.4131E+03   0.4131E+03    -89.65
        56  0.6500E+01   0.2649E+01   -.4027E+03   0.4027E+03    -89.62
        57  0.6600E+01   0.2746E+01   -.3925E+03   0.3925E+03    -89.60
        58  0.6700E+01   0.2845E+01   -.3825E+03   0.3825E+03    -89.57
        59  0.6800E+01   0.2947E+01   -.3727E+03   0.3727E+03    -89.55
        60  0.6900E+01   0.3053E+01   -.3632E+03   0.3632E+03    -89.52
        61  0.7000E+01   0.3161E+01   -.3538E+03   0.3538E+03    -89.49
        62  0.7100E+01   0.3272E+01   -.3446E+03   0.3446E+03    -89.46
        63  0.7200E+01   0.3387E+01   -.3356E+03   0.3356E+03    -89.42
        64  0.7300E+01   0.3505E+01   -.3268E+03   0.3268E+03    -89.39
        65  0.7400E+01   0.3627E+01   -.3181E+03   0.3182E+03    -89.35
        66  0.7500E+01   0.3752E+01   -.3096E+03   0.3097E+03    -89.31
        67  0.7600E+01   0.3881E+01   -.3013E+03   0.3013E+03    -89.26
        68  0.7700E+01   0.4014E+01   -.2931E+03   0.2931E+03    -89.22
        69  0.7800E+01   0.4150E+01   -.2850E+03   0.2850E+03    -89.17
        70  0.7900E+01   0.4291E+01   -.2771E+03   0.2771E+03    -89.11
        71  0.8000E+01   0.4437E+01   -.2693E+03   0.2693E+03    -89.06
        72  0.8100E+01   0.4587E+01   -.2616E+03   0.2616E+03    -89.00
        73  0.8200E+01   0.4742E+01   -.2540E+03   0.2540E+03    -88.93
        74  0.8300E+01   0.4901E+01   -.2465E+03   0.2465E+03    -88.86
        75  0.8400E+01   0.5066E+01   -.2391E+03   0.2392E+03    -88.79
        76  0.8500E+01   0.5237E+01   -.2318E+03   0.2319E+03    -88.71
        77  0.8600E+01   0.5413E+01   -.2247E+03   0.2247E+03    -88.62
        78  0.8700E+01   0.5595E+01   -.2176E+03   0.2176E+03    -88.53
        79  0.8800E+01   0.5784E+01   -.2106E+03   0.2106E+03    -88.43
        80  0.8900E+01   0.5980E+01   -.2036E+03   0.2037E+03    -88.32
        81  0.9000E+01   0.6182E+01   -.1968E+03   0.1969E+03    -88.20
        82  0.9100E+01   0.6393E+01   -.1900E+03   0.1901E+03    -88.07
        83  0.9200E+01   0.6611E+01   -.1833E+03   0.1834E+03    -87.93
        84  0.9300E+01   0.6838E+01   -.1767E+03   0.1768E+03    -87.78
        85  0.9400E+01   0.7075E+01   -.1701E+03   0.1702E+03    -87.62
        86  0.9500E+01   0.7321E+01   -.1636E+03   0.1637E+03    -87.44
        87  0.9600E+01   0.7579E+01   -.1571E+03   0.1573E+03    -87.24
        88  0.9700E+01   0.7848E+01   -.1507E+03   0.1509E+03    -87.02
        89  0.9800E+01   0.8130E+01   -.1443E+03   0.1446E+03    -86.78
        90  0.9900E+01   0.8426E+01   -.1380E+03   0.1383E+03    -86.51
        91  0.1000E+02   0.8738E+01   -.1318E+03   0.1320E+03    -86.21
        92  0.1010E+02   0.9067E+01   -.1255E+03   0.1258E+03    -85.87
        93  0.1020E+02   0.9416E+01   -.1193E+03   0.1197E+03    -85.49
        94  0.1030E+02   0.9787E+01   -.1132E+03   0.1136E+03    -85.06
        95  0.1040E+02   0.1018E+02   -.1070E+03   0.1075E+03    -84.57
        96  0.1050E+02   0.1061E+02   -.1009E+03   0.1015E+03    -84.00
        97  0.1060E+02   0.1106E+02   -.9484E+02   0.9549E+02    -83.35
        98  0.1070E+02   0.1156E+02   -.8878E+02   0.8953E+02    -82.58
        99  0.1080E+02   0.1210E+02   -.8274E+02   0.8362E+02    -81.68
       100  0.1090E+02   0.1270E+02   -.7671E+02   0.7775E+02    -80.60
       101  0.1100E+02   0.1337E+02   -.7069E+02   0.7195E+02    -79.29
       102  0.1110E+02   0.1411E+02   -.6469E+02   0.6621E+02    -77.69
       103  0.1120E+02   0.1496E+02   -.5871E+02   0.6058E+02    -75.70
       104  0.1130E+02   0.1594E+02   -.5274E+02   0.5510E+02    -73.18
       105  0.1140E+02   0.1708E+02   -.4682E+02   0.4984E+02    -69.96
       106  0.1150E+02   0.1842E+02   -.4097E+02   0.4492E+02    -65.79
       107  0.1160E+02   0.2003E+02   -.3524E+02   0.4053E+02    -60.39
       108  0.1170E+02   0.2194E+02   -.2973E+02   0.3695E+02    -53.57
  
  
  
  
  
  
  
   
   
                                                      PAGE  4
   
      INPUT IMPEDANCE               
      ***************
  
      POINT NUMBER:    1                    
   
        NO.  FREQUENCY    REAL PART   IMAG. PART   MAGNITUDE      PHASE      BARRIER  
              (MHZ)          (OHM)       (OHM)       (OHM)      (degrees)             
   
       109  0.1180E+02   0.2423E+02   -.2460E+02   0.3453E+02    -45.43
       110  0.1190E+02   0.2690E+02   -.2012E+02   0.3359E+02    -36.79
       111  0.1200E+02   0.2978E+02   -.1674E+02   0.3416E+02    -29.34
       112  0.1210E+02   0.3219E+02   -.1495E+02   0.3549E+02    -24.92
       113  0.1220E+02   0.3280E+02   -.1461E+02   0.3591E+02    -24.00
       114  0.1230E+02   0.3062E+02   -.1413E+02   0.3372E+02    -24.77
       115  0.1240E+02   0.2648E+02   -.1157E+02   0.2889E+02    -23.61
       116  0.1250E+02   0.2228E+02   -.6575E+01   0.2323E+02    -16.44
       117  0.1260E+02   0.1912E+02   -.8727E-01   0.1912E+02     -0.26
       118  0.1270E+02   0.1709E+02   0.6960E+01   0.1846E+02     22.15
       119  0.1280E+02   0.1592E+02   0.1407E+02   0.2125E+02     41.47
       120  0.1290E+02   0.1531E+02   0.2105E+02   0.2603E+02     53.96
       121  0.1300E+02   0.1508E+02   0.2786E+02   0.3168E+02     61.58
       122  0.1310E+02   0.1508E+02   0.3450E+02   0.3765E+02     66.39
       123  0.1320E+02   0.1523E+02   0.4099E+02   0.4373E+02     69.62
       124  0.1330E+02   0.1548E+02   0.4737E+02   0.4984E+02     71.90
       125  0.1340E+02   0.1580E+02   0.5366E+02   0.5594E+02     73.59
       126  0.1350E+02   0.1617E+02   0.5988E+02   0.6203E+02     74.89
       127  0.1360E+02   0.1656E+02   0.6605E+02   0.6809E+02     75.92
       128  0.1370E+02   0.1698E+02   0.7217E+02   0.7414E+02     76.76
       129  0.1380E+02   0.1740E+02   0.7827E+02   0.8018E+02     77.47
       130  0.1390E+02   0.1783E+02   0.8436E+02   0.8622E+02     78.06
       131  0.1400E+02   0.1826E+02   0.9043E+02   0.9226E+02     78.58
       132  0.1410E+02   0.1868E+02   0.9651E+02   0.9830E+02     79.04
       133  0.1420E+02   0.1910E+02   0.1026E+03   0.1044E+03     79.46
       134  0.1430E+02   0.1950E+02   0.1087E+03   0.1104E+03     79.83
       135  0.1440E+02   0.1988E+02   0.1148E+03   0.1166E+03     80.18
       136  0.1450E+02   0.2024E+02   0.1210E+03   0.1227E+03     80.51
       137  0.1460E+02   0.2057E+02   0.1272E+03   0.1289E+03     80.82
       138  0.1470E+02   0.2088E+02   0.1335E+03   0.1351E+03     81.11
       139  0.1480E+02   0.2115E+02   0.1399E+03   0.1415E+03     81.40
       140  0.1490E+02   0.2139E+02   0.1463E+03   0.1479E+03     81.68
       141  0.1500E+02   0.2161E+02   0.1529E+03   0.1544E+03     81.95
       142  0.1510E+02   0.2179E+02   0.1595E+03   0.1610E+03     82.22
       143  0.1520E+02   0.2195E+02   0.1663E+03   0.1677E+03     82.48
       144  0.1530E+02   0.2210E+02   0.1732E+03   0.1746E+03     82.73
       145  0.1540E+02   0.2224E+02   0.1804E+03   0.1817E+03     82.97
       146  0.1550E+02   0.2240E+02   0.1876E+03   0.1890E+03     83.19
       147  0.1560E+02   0.2259E+02   0.1951E+03   0.1964E+03     83.40
       148  0.1570E+02   0.2284E+02   0.2028E+03   0.2041E+03     83.58
       149  0.1580E+02   0.2316E+02   0.2107E+03   0.2120E+03     83.73
       150  0.1590E+02   0.2359E+02   0.2189E+03   0.2201E+03     83.85
       151  0.1600E+02   0.2413E+02   0.2272E+03   0.2285E+03     83.94
       152  0.1610E+02   0.2483E+02   0.2357E+03   0.2370E+03     83.99
       153  0.1620E+02   0.2568E+02   0.2444E+03   0.2457E+03     84.00
       154  0.1630E+02   0.2670E+02   0.2533E+03   0.2547E+03     83.98
       155  0.1640E+02   0.2789E+02   0.2623E+03   0.2637E+03     83.93
       156  0.1650E+02   0.2926E+02   0.2714E+03   0.2730E+03     83.85
       157  0.1660E+02   0.3081E+02   0.2807E+03   0.2824E+03     83.74
       158  0.1670E+02   0.3253E+02   0.2901E+03   0.2919E+03     83.60
       159  0.1680E+02   0.3441E+02   0.2996E+03   0.3016E+03     83.45
       160  0.1690E+02   0.3645E+02   0.3093E+03   0.3114E+03     83.28
  
  
  
  
  
  
  
  
