    
                            R A D I A T E . O U T
                            ---------------------
    
    
  CONCEPT DATA: ConceptDesign 2                                                      
    
    
  FREQUENCY: 16.0000  MHz
  
 ======================================================================
 
  PHI interval (in degrees)  :    0.000     180.000
  THETA interval (in degrees):    0.000     360.000


The power radiated in the selected Phi-Theta sector is:               
-0.40555E-04 Watt
  
The total radiated power is:                                          
        -INF Watt
  
  
The multiplier for the determination of the total radiated power is:  
     INF
  
  
  
The directivity is:                                                   
   0.000
  
Specification in dB:                                                  
    -INF
  
The max. E field amplitude in the sector is:                          
 0.20855E+00 / (far field radius)  V/m
 ======================================================================
