This is e-TeX, Version 3.141592-2.1 (MiKTeX 2.4) (preloaded format=latex 2004.11.15)  30 OCT 2006 16:23
entering extended mode
**esapub2005.tex
(esapub2005.tex
LaTeX2e <2001/06/01>
Babel <v3.7m> and hyphenation patterns for english, french, german, ngerman, ru
ssian, dumylang, nohyphenation, loaded.
File: esapub.tex 2001/04/25 1.1 (PWD)
(esapub2005.cls

LaTeX Warning: You have requested document class `esapub2005',
               but the document class provides `esapub'.

Document Class: esapub 2001/04/25 1.1 (PWD)
(C:\Programme\texmf\tex\latex\base\article.cls
Document Class: article 2001/04/21 v1.4e Standard LaTeX document class
(C:\Programme\texmf\tex\latex\base\size10.clo
File: size10.clo 2001/04/21 v1.4e Standard LaTeX file (size option)
)
\c@part=\count79
\c@section=\count80
\c@subsection=\count81
\c@subsubsection=\count82
\c@paragraph=\count83
\c@subparagraph=\count84
\c@figure=\count85
\c@table=\count86
\abovecaptionskip=\skip41
\belowcaptionskip=\skip42
\bibindent=\dimen102
)
\affilsep=\skip43
\@affilsep=\skip44
\c@Maxaffil=\count87
\c@authors=\count88
\c@affil=\count89
)
(C:\Programme\texmf\tex\latex\psnfss\times.sty
Package: times 2003/03/02 PSNFSS-v9.0c (SPQR) 
)
(C:\Programme\texmf\tex\latex\natbib\natbib.sty
Package: natbib 2003/06/06 7.1 (PWD)
\bibhang=\skip45
\bibsep=\skip46
LaTeX Info: Redefining \cite on input line 518.
\c@NAT@ctr=\count90
) (esapub2005.aux)
LaTeX Font Info:    Checking defaults for OML/cmm/m/it on input line 41.
LaTeX Font Info:    ... okay on input line 41.
LaTeX Font Info:    Checking defaults for T1/cmr/m/n on input line 41.
LaTeX Font Info:    ... okay on input line 41.
LaTeX Font Info:    Checking defaults for OT1/cmr/m/n on input line 41.
LaTeX Font Info:    ... okay on input line 41.
LaTeX Font Info:    Checking defaults for OMS/cmsy/m/n on input line 41.
LaTeX Font Info:    ... okay on input line 41.
LaTeX Font Info:    Checking defaults for OMX/cmex/m/n on input line 41.
LaTeX Font Info:    ... okay on input line 41.
LaTeX Font Info:    Checking defaults for U/cmr/m/n on input line 41.
LaTeX Font Info:    ... okay on input line 41.
LaTeX Font Info:    Try loading font information for OT1+ptm on input line 41.

(C:\Programme\texmf\tex\latex\psnfss\ot1ptm.fd
File: ot1ptm.fd 2001/06/04 font definitions for OT1/ptm.
)
LaTeX Font Info:    Font shape `OT1/ptm/bx/n' in size <12> not available
(Font)              Font shape `OT1/ptm/b/n' tried instead on input line 45.
LaTeX Font Info:    External font `cmex10' loaded for size
(Font)              <12> on input line 45.
LaTeX Font Info:    External font `cmex10' loaded for size
(Font)              <8> on input line 45.
LaTeX Font Info:    External font `cmex10' loaded for size
(Font)              <6> on input line 45.
LaTeX Font Info:    Font shape `OT1/ptm/bx/n' in size <8> not available
(Font)              Font shape `OT1/ptm/b/n' tried instead on input line 45.
LaTeX Font Info:    Font shape `OT1/ptm/bx/n' in size <10> not available
(Font)              Font shape `OT1/ptm/b/n' tried instead on input line 45.
LaTeX Font Info:    External font `cmex10' loaded for size
(Font)              <7> on input line 45.
LaTeX Font Info:    External font `cmex10' loaded for size
(Font)              <5> on input line 45.
LaTeX Font Info:    Font shape `OT1/ptm/bx/n' in size <7> not available
(Font)              Font shape `OT1/ptm/b/n' tried instead on input line 45.
LaTeX Font Info:    Try loading font information for OT1+pcr on input line 52.

(C:\Programme\texmf\tex\latex\psnfss\ot1pcr.fd
File: ot1pcr.fd 2001/06/04 font definitions for OT1/pcr.
)
Underfull \hbox (badness 1715) in paragraph at lines 59--62
\OT1/ptm/m/n/10 pro-ceed-ings for pub-li-ca-tion by the Eu-ro-pean Space
 []

LaTeX Font Info:    Try loading font information for OMS+ptm on input line 65.
(C:\Programme\texmf\tex\latex\psnfss\omsptm.fd
File: omsptm.fd 
)
LaTeX Font Info:    Font shape `OMS/ptm/m/n' in size <10> not available
(Font)              Font shape `OMS/cmsy/m/n' tried instead on input line 65.

Overfull \hbox (18.37796pt too wide) in paragraph at lines 86--87
[][][]\OT1/pcr/m/n/10 \documentclass[a4paper,twocolumn]{esapub[]} 
 []


Underfull \hbox (badness 3815) in paragraph at lines 88--92
[][]\OT1/ptm/m/n/10 where the op-tion \OT1/pcr/m/n/10 a4paper \OT1/ptm/m/n/10 m
ay be re-placed by
 []

[1


]
LaTeX Font Info:    Font shape `OMS/ptm/m/n' in size <7> not available
(Font)              Font shape `OMS/cmsy/m/n' tried instead on input line 151.
LaTeX Font Info:    Font shape `OT1/pcr/m/it' in size <9> not available
(Font)              Font shape `OT1/pcr/m/sl' tried instead on input line 167.

Overfull \hbox (4.5777pt too wide) in paragraph at lines 230--230
[]  \OT1/pcr/m/n/9 Allen C., 1973, Astrophysical Quantities,[] 
 []


Overfull \hbox (4.5777pt too wide) in paragraph at lines 230--230
[]  \OT1/pcr/m/n/9 Nobody B., Somebody G., Who M.E., et~al.,[] 
 []


Underfull \hbox (badness 2065) in paragraph at lines 232--234
[]\OT1/ptm/m/n/10 Note the empty braces af-ter []\OT1/pcr/m/n/10 \bibitem \OT1/
ptm/m/n/10 and af-ter
 []

LaTeX Font Info:    Font shape `OT1/pcr/bx/n' in size <10> not available
(Font)              Font shape `OT1/pcr/b/n' tried instead on input line 238.

Underfull \hbox (badness 10000) in paragraph at lines 247--247
\OT1/pcr/m/n/8 tex-archive/macros/latex/contrib/supported/
 []


Underfull \hbox (badness 2080) in paragraph at lines 249--254
[][]\OT1/ptm/m/n/10 With \OT1/pcr/m/n/10 natbib\OT1/ptm/m/n/10 , in-text ci-ta-
tions are gen-er-ated with
 []


Underfull \hbox (badness 1019) in paragraph at lines 249--254
\OT1/ptm/m/n/10 en-thet-i-cal ones are made with []\OT1/pcr/m/n/10 \citep{smith
96}
 []

[2]
Underfull \hbox (badness 1694) in paragraph at lines 271--278
\OT1/ptm/m/n/10 in an ap-pro-pri-ate database file. For this pur-pose,
 []


Underfull \hbox (badness 1320) in paragraph at lines 271--278
\OT1/ptm/m/n/10 a bib-li-o-graphic style file \OT1/pcr/m/n/10 aa.bst \OT1/ptm/m
/n/10 is pro-vided with
 []


Overfull \hbox (36.97766pt too wide) in paragraph at lines 314--314
[]\OT1/pcr/m/n/9 \includegraphics[width=0.8\linewidth]{sample.eps}[] 
 []


Overfull \hbox (42.37766pt too wide) in paragraph at lines 314--314
[]\OT1/pcr/m/n/9 \caption{Sample figure showing how an encapsulated[] 
 []


Overfull \hbox (31.57767pt too wide) in paragraph at lines 314--314
[]\OT1/pcr/m/n/9 PostScript graphic may be included. This example[] 
 []


Overfull \hbox (36.97766pt too wide) in paragraph at lines 314--314
[]\OT1/pcr/m/n/9 is for a single column figure.\label{fig:single}}[] 
 []


Underfull \hbox (badness 10000) in paragraph at lines 316--318
[]\OT1/ptm/m/n/10 One can then re-fer to this fig-ure with
 []


Underfull \hbox (badness 10000) in paragraph at lines 316--318
[]\OT1/pcr/m/n/10 Figure~\ref{fig:single}\OT1/ptm/m/n/10 , pro-duc-ing ``Fig-
 []

[3]
Overfull \hbox (9.97769pt too wide) in paragraph at lines 329--329
[][]\OT1/pcr/m/n/9 \epsfig{file=sample.eps,width=0.8\linewidth}[] 
 []


Underfull \hbox (badness 1939) in paragraph at lines 370--379
[]\OT1/ptm/m/n/10 Formulae which ap-pear in the run-ning text should
 []


Underfull \hbox (badness 3713) in paragraph at lines 370--379
\OT1/ptm/m/n/10 be en-closed in \OT1/pcr/m/n/10 $ \OT1/ptm/m/n/10 signs. For ex
-am-ple, to pro-
 []


Underfull \hbox (badness 1755) in paragraph at lines 370--379
\OT1/ptm/m/n/10 duce the equa-tion $\OML/cmm/m/it/10 a[] \OT1/cmr/m/n/10 + \OML
/cmm/m/it/10 b[] \OT1/cmr/m/n/10 = \OML/cmm/m/it/10 c[]$ \OT1/ptm/m/n/10 within
 a para-
 []


Underfull \hbox (badness 3668) in paragraph at lines 390--400
[][]\OT1/ptm/m/n/10 When in math mode (i.e. within the \OT1/pcr/m/n/10 equation

 []


Underfull \hbox (badness 10000) in paragraph at lines 390--400
\OT1/ptm/m/n/10 or \OT1/pcr/m/n/10 eqnarray \OT1/ptm/m/n/10 en-vi-ron-ment) all
 let-ters ap-pear
 []


Underfull \hbox (badness 7168) in paragraph at lines 390--400
\OT1/ptm/m/n/10 in ital-ics. How-ever, the pre-ferred no-ta-tion is
 []


Underfull \hbox (badness 7540) in paragraph at lines 390--400
\OT1/ptm/m/n/10 for sub-scripts, su-per-scripts[] and text within the
 []


Underfull \hbox (badness 5939) in paragraph at lines 390--400
\OT1/ptm/m/n/10 equa-tion to be type-set as ro-man. To achieve
 []


Underfull \hbox (badness 7379) in paragraph at lines 390--400
\OT1/ptm/m/n/10 this use the []\OT1/pcr/m/n/10 {\mbox{..}} \OT1/ptm/m/n/10 com-
mand. Thus,
 []


Underfull \hbox (badness 10000) in paragraph at lines 390--400
[]\OT1/pcr/m/n/10 $T_{\mbox{eff}}=5.8\times10^{3}$~K
 []

[4] (esapub2005.aux) ) 
Here is how much of TeX's memory you used:
 697 strings out of 95716
 7413 string characters out of 1193224
 56726 words of memory out of 1053087
 3733 multiletter control sequences out of 35000
 14903 words of font info for 42 fonts, out of 500000 for 1000
 198 hyphenation exceptions out of 607
 29i,8n,21p,302b,287s stack positions out of 1500i,500n,5000p,200000b,32768s

Output written on esapub2005.dvi (4 pages, 20088 bytes).
