   
                                                      PAGE  1
  
  
  
     ***************************************************
  
     Actually data from co_info.bin
     --------------------------
  
     Voltage observ. points  (NZVOL):   0
     E field points          (NZFPE):   0
     H field points          (NZFPH):   0
     Frequency step width   (DELFRE):   0.100000
     Field points             (NZFP):   0
     Observ. points E tang.    (NET):   0
     Current observ. points (NZSTRO):   0
     Conducting plane       (ISPIEG):   0
     Load elements           (NZBEL):   0
     Number of frequencies    (NZFQ):   160
     Number of cables        (NZKAB):   0
     ***************************************************
  
  
  
  
  
  
  
  
  
  
  
  
  
  
  
  
  
  
  
  
  
  
  
  
  
  
  
  
  
  
  
  
  
  
  
  
  
  
  
  
  
  
  
  
  
  
  
  
  
  
   
   
                                                      PAGE  2
   
      INPUT IMPEDANCE               
      ***************
  
      POINT NUMBER:    1                    
   
        NO.  FREQUENCY    REAL PART   IMAG. PART   MAGNITUDE      PHASE      BARRIER  
              (MHZ)          (OHM)       (OHM)       (OHM)      (degrees)             
   
         1  0.8000E+01   0.4109E+01   -.5559E+03   0.5559E+03    -89.58
         2  0.8100E+01   0.4228E+01   -.5457E+03   0.5457E+03    -89.56
         3  0.8200E+01   0.4349E+01   -.5357E+03   0.5357E+03    -89.53
         4  0.8300E+01   0.4473E+01   -.5258E+03   0.5258E+03    -89.51
         5  0.8400E+01   0.4600E+01   -.5162E+03   0.5162E+03    -89.49
         6  0.8500E+01   0.4728E+01   -.5067E+03   0.5067E+03    -89.47
         7  0.8600E+01   0.4860E+01   -.4974E+03   0.4974E+03    -89.44
         8  0.8700E+01   0.4994E+01   -.4883E+03   0.4883E+03    -89.41
         9  0.8800E+01   0.5130E+01   -.4793E+03   0.4793E+03    -89.39
        10  0.8900E+01   0.5270E+01   -.4705E+03   0.4705E+03    -89.36
        11  0.9000E+01   0.5412E+01   -.4618E+03   0.4619E+03    -89.33
        12  0.9100E+01   0.5556E+01   -.4533E+03   0.4533E+03    -89.30
        13  0.9200E+01   0.5704E+01   -.4449E+03   0.4449E+03    -89.27
        14  0.9300E+01   0.5855E+01   -.4367E+03   0.4367E+03    -89.23
        15  0.9400E+01   0.6008E+01   -.4285E+03   0.4286E+03    -89.20
        16  0.9500E+01   0.6165E+01   -.4205E+03   0.4206E+03    -89.16
        17  0.9600E+01   0.6325E+01   -.4127E+03   0.4127E+03    -89.12
        18  0.9700E+01   0.6488E+01   -.4049E+03   0.4049E+03    -89.08
        19  0.9800E+01   0.6654E+01   -.3972E+03   0.3973E+03    -89.04
        20  0.9900E+01   0.6823E+01   -.3897E+03   0.3898E+03    -89.00
        21  0.1000E+02   0.6996E+01   -.3823E+03   0.3823E+03    -88.95
        22  0.1010E+02   0.7172E+01   -.3749E+03   0.3750E+03    -88.90
        23  0.1020E+02   0.7352E+01   -.3677E+03   0.3677E+03    -88.85
        24  0.1030E+02   0.7536E+01   -.3605E+03   0.3606E+03    -88.80
        25  0.1040E+02   0.7723E+01   -.3535E+03   0.3536E+03    -88.75
        26  0.1050E+02   0.7914E+01   -.3465E+03   0.3466E+03    -88.69
        27  0.1060E+02   0.8109E+01   -.3396E+03   0.3397E+03    -88.63
        28  0.1070E+02   0.8308E+01   -.3328E+03   0.3329E+03    -88.57
        29  0.1080E+02   0.8511E+01   -.3261E+03   0.3262E+03    -88.50
        30  0.1090E+02   0.8718E+01   -.3195E+03   0.3196E+03    -88.44
        31  0.1100E+02   0.8929E+01   -.3129E+03   0.3130E+03    -88.37
        32  0.1110E+02   0.9145E+01   -.3064E+03   0.3065E+03    -88.29
        33  0.1120E+02   0.9366E+01   -.3000E+03   0.3001E+03    -88.21
        34  0.1130E+02   0.9591E+01   -.2936E+03   0.2938E+03    -88.13
        35  0.1140E+02   0.9821E+01   -.2873E+03   0.2875E+03    -88.04
        36  0.1150E+02   0.1006E+02   -.2811E+03   0.2813E+03    -87.95
        37  0.1160E+02   0.1030E+02   -.2749E+03   0.2751E+03    -87.86
        38  0.1170E+02   0.1054E+02   -.2688E+03   0.2690E+03    -87.75
        39  0.1180E+02   0.1079E+02   -.2627E+03   0.2629E+03    -87.65
        40  0.1190E+02   0.1105E+02   -.2567E+03   0.2570E+03    -87.54
        41  0.1200E+02   0.1131E+02   -.2508E+03   0.2510E+03    -87.42
        42  0.1210E+02   0.1158E+02   -.2449E+03   0.2451E+03    -87.29
        43  0.1220E+02   0.1185E+02   -.2390E+03   0.2393E+03    -87.16
        44  0.1230E+02   0.1213E+02   -.2332E+03   0.2335E+03    -87.02
        45  0.1240E+02   0.1242E+02   -.2275E+03   0.2278E+03    -86.87
        46  0.1250E+02   0.1271E+02   -.2217E+03   0.2221E+03    -86.72
        47  0.1260E+02   0.1301E+02   -.2161E+03   0.2165E+03    -86.55
        48  0.1270E+02   0.1332E+02   -.2104E+03   0.2109E+03    -86.38
        49  0.1280E+02   0.1364E+02   -.2048E+03   0.2053E+03    -86.19
        50  0.1290E+02   0.1396E+02   -.1993E+03   0.1998E+03    -85.99
        51  0.1300E+02   0.1429E+02   -.1937E+03   0.1943E+03    -85.78
        52  0.1310E+02   0.1464E+02   -.1883E+03   0.1888E+03    -85.55
        53  0.1320E+02   0.1499E+02   -.1828E+03   0.1834E+03    -85.31
        54  0.1330E+02   0.1535E+02   -.1774E+03   0.1780E+03    -85.06
  
  
  
  
  
  
  
   
   
                                                      PAGE  3
   
      INPUT IMPEDANCE               
      ***************
  
      POINT NUMBER:    1                    
   
        NO.  FREQUENCY    REAL PART   IMAG. PART   MAGNITUDE      PHASE      BARRIER  
              (MHZ)          (OHM)       (OHM)       (OHM)      (degrees)             
   
        55  0.1340E+02   0.1572E+02   -.1720E+03   0.1727E+03    -84.78
        56  0.1350E+02   0.1610E+02   -.1666E+03   0.1674E+03    -84.48
        57  0.1360E+02   0.1649E+02   -.1612E+03   0.1621E+03    -84.16
        58  0.1370E+02   0.1689E+02   -.1559E+03   0.1568E+03    -83.82
        59  0.1380E+02   0.1731E+02   -.1506E+03   0.1516E+03    -83.45
        60  0.1390E+02   0.1774E+02   -.1453E+03   0.1464E+03    -83.04
        61  0.1400E+02   0.1818E+02   -.1401E+03   0.1412E+03    -82.61
        62  0.1410E+02   0.1864E+02   -.1348E+03   0.1361E+03    -82.13
        63  0.1420E+02   0.1911E+02   -.1296E+03   0.1310E+03    -81.61
        64  0.1430E+02   0.1960E+02   -.1244E+03   0.1259E+03    -81.04
        65  0.1440E+02   0.2011E+02   -.1192E+03   0.1209E+03    -80.42
        66  0.1450E+02   0.2064E+02   -.1140E+03   0.1158E+03    -79.74
        67  0.1460E+02   0.2119E+02   -.1088E+03   0.1108E+03    -78.98
        68  0.1470E+02   0.2176E+02   -.1036E+03   0.1059E+03    -78.14
        69  0.1480E+02   0.2236E+02   -.9844E+02   0.1009E+03    -77.20
        70  0.1490E+02   0.2299E+02   -.9327E+02   0.9606E+02    -76.15
        71  0.1500E+02   0.2365E+02   -.8810E+02   0.9121E+02    -74.97
        72  0.1510E+02   0.2434E+02   -.8292E+02   0.8642E+02    -73.64
        73  0.1520E+02   0.2507E+02   -.7775E+02   0.8169E+02    -72.12
        74  0.1530E+02   0.2585E+02   -.7256E+02   0.7703E+02    -70.39
        75  0.1540E+02   0.2667E+02   -.6737E+02   0.7246E+02    -68.40
        76  0.1550E+02   0.2755E+02   -.6217E+02   0.6800E+02    -66.10
        77  0.1560E+02   0.2848E+02   -.5696E+02   0.6368E+02    -63.43
        78  0.1570E+02   0.2949E+02   -.5173E+02   0.5954E+02    -60.31
        79  0.1580E+02   0.3058E+02   -.4648E+02   0.5564E+02    -56.66
        80  0.1590E+02   0.3176E+02   -.4121E+02   0.5203E+02    -52.38
        81  0.1600E+02   0.3306E+02   -.3592E+02   0.4882E+02    -47.38
  
  
  
  
  
  
  
  
  
  
  
  
  
  
  
  
  
  
  
  
  
  
  
  
  
  
  
  
  
  
  
  
  
