This is pdfTeX, Version 3.141592-1.40.4 (MiKTeX 2.6) (preloaded format=latex 2007.9.11)  27 MAY 2008 10:50
entering extended mode
**C:/Dokumente*und*Einstellungen/tho/Eigene*Dateien/doc/SpaceScience/tagungen/c
ospar06/ifacsam-letter.tex

("C:\Dokumente und Einstellungen\tho\Eigene Dateien\doc\SpaceScience\tagungen\c
ospar06\ifacsam-letter.tex"
LaTeX2e <2005/12/01>
Babel <v3.8g> and hyphenation patterns for english, dumylang, nohyphenation, ge
rman, ngerman, french, loaded.
(ifacmtg.cls
Document Class: ifacmtg 2002/04/18, 3.2ModD: IFAC meeting


** IMPORTANT NOTICE:
** You are not allowed to change this file or distribute copies
** under any other name. You may only
** use it to prepare papers for Elsevier. 
** The TeX code in this package
** is NOT being placed in the public domain.
** Copyright 1995 Elsevier Science Ltd


\@frontmatterwidth=\dimen102
\@bls=\dimen103
\eqntopsep=\skip41
\eqnarraycolsep=\dimen104
\labelwidthi=\dimen105
\labelwidthii=\dimen106
\labelwidthiii=\dimen107
\labelwidthiv=\dimen108
\@maxlistdepth=\count79
\eqnbaselineskip=\skip42
\eqnlineskip=\skip43
\mathindent=\dimen109
\rulepreskip=\dimen110
\rulepostskip=\dimen111
\Arrayrulewidth=\dimen112
\crulepostskip=\dimen113
\@Ldec=\dimen114
\@Rdec=\dimen115
\@Lpmdec=\dimen116
\@Rpmdec=\dimen117
\c@section=\count80
\c@subsection=\count81
\c@subsubsection=\count82
\c@paragraph=\count83
\c@subparagraph=\count84
("C:\Programme\MiKTeX 2.6\tex\latex\tools\theorem.sty"
Package: theorem 1995/11/23 v2.2c Theorem extension package (FMi)
\theorem@style=\toks14
\theorem@bodyfont=\toks15
\theorempreskipamount=\skip44
\theorempostskipamount=\skip45

("C:\Programme\MiKTeX 2.6\tex\latex\tools\thp.sty"
File: thp.sty 1995/11/23 v2.2c Theorem extension package (FMi)
))
("C:\Programme\MiKTeX 2.6\tex\latex\base\newlfont.sty"
Package: newlfont 1998/08/17 v2.2m Standard LaTeX package
LaTeX Info: Redefining \em on input line 67.

("C:\Programme\MiKTeX 2.6\tex\latex\base\latexsym.sty"
Package: latexsym 1998/08/17 v2.2e Standard LaTeX package (lasy symbols)
\symlasy=\mathgroup4
LaTeX Font Info:    Overwriting symbol font `lasy' in version `bold'
(Font)                  U/lasy/m/n --> U/lasy/b/n on input line 47.
))
LaTeX Info: Redefining \rm on input line 550.
LaTeX Info: Redefining \sf on input line 551.
LaTeX Info: Redefining \tt on input line 552.
LaTeX Info: Redefining \bf on input line 553.
LaTeX Info: Redefining \it on input line 554.
LaTeX Info: Redefining \sl on input line 555.
LaTeX Info: Redefining \sc on input line 556.
\c@thm=\count85
\c@alg=\count86
\c@algorithm=\count87
\c@note=\count88
\c@summ=\count89
\c@case=\count90
\@tempcntc=\count91
\c@figure=\count92
\c@table=\count93
\t@glob@notes=\toks16
\t@loc@notes=\toks17
\note@cnt=\count94
\c@author=\count95
\n@author=\count96
\c@collab=\count97
\n@collab=\count98
\c@address=\count99
\sv@mathsurround=\dimen118
\sv@hyphenpenalty=\count100
\prev@elem=\count101
\cur@elem=\count102
\fm@box=\box26
\fm@size=\dimen119
\t@abstract=\box27
\t@keyword=\box28
\rep@mod=\count103
\t@xtheight=\dimen120
\@logoheight=\dimen121
\@pubyear=\count104
\c@firstpage=\count105
\c@lastpage=\count106
\slashbox=\box29
LaTeX Font Info:    External font `cmex10' loaded for size
(Font)              <7> on input line 1453.
LaTeX Font Info:    External font `cmex10' loaded for size
(Font)              <5> on input line 1453.
LaTeX Font Info:    Try loading font information for U+lasy on input line 1453.


("C:\Programme\MiKTeX 2.6\tex\latex\base\ulasy.fd"
File: ulasy.fd 1998/08/17 v2.2e LaTeX symbol font definitions
)
\Slashbox=\box30
LaTeX Font Info:    External font `cmex10' loaded for size
(Font)              <12> on input line 1454.
LaTeX Font Info:    External font `cmex10' loaded for size
(Font)              <8> on input line 1454.
LaTeX Font Info:    External font `cmex10' loaded for size
(Font)              <6> on input line 1454.
\@frontindent=\dimen122
)
("C:\Programme\MiKTeX 2.6\tex\latex\harvard\harvard.sty"
Package: harvard 

("C:\Programme\MiKTeX 2.6\tex\latex\base\ifthen.sty"
Package: ifthen 2001/05/26 v1.1c Standard LaTeX ifthen package (DPC)
)
("C:\Programme\MiKTeX 2.6\tex\latex\latex2html\html.sty"
("C:\Programme\MiKTeX 2.6\tex\latex\hyperref\hyperref.sty"
Package: hyperref 2007/06/14 v6.76i Hypertext links for LaTeX

("C:\Programme\MiKTeX 2.6\tex\latex\graphics\keyval.sty"
Package: keyval 1999/03/16 v1.13 key=value parser (DPC)
\KV@toks@=\toks18
)
("C:\Programme\MiKTeX 2.6\tex\latex\oberdiek\hycolor.sty"
Package: hycolor 2007/04/11 v1.1 Code for color options of hyperref/bookmark (H
O)
)
\@linkdim=\dimen123
\Hy@linkcounter=\count107
\Hy@pagecounter=\count108

("C:\Programme\MiKTeX 2.6\tex\latex\hyperref\pd1enc.def"
File: pd1enc.def 2007/06/14 v6.76i Hyperref: PDFDocEncoding definition (HO)
)
("C:\Programme\MiKTeX 2.6\tex\generic\oberdiek\etexcmds.sty"
Package: etexcmds 2007/05/06 v1.0 Providing prefix for e-TeX command names (HO)


("C:\Programme\MiKTeX 2.6\tex\generic\oberdiek\infwarerr.sty"
Package: infwarerr 2007/06/14 v1.1 Providing info/warning/message (HO)
))
("C:\Programme\MiKTeX 2.6\tex\latex\00miktex\hyperref.cfg"
File: hyperref.cfg 2002/06/06 v1.2 hyperref configuration of TeXLive
)
("C:\Programme\MiKTeX 2.6\tex\latex\oberdiek\kvoptions.sty"
Package: kvoptions 2007/06/11 v2.7 Connects package keyval with LaTeX options (
HO)
)
Package hyperref Info: Hyper figures OFF on input line 2571.
Package hyperref Info: Link nesting OFF on input line 2576.
Package hyperref Info: Hyper index ON on input line 2579.
Package hyperref Info: Plain pages OFF on input line 2586.
Package hyperref Info: Backreferencing OFF on input line 2591.

Implicit mode ON; LaTeX internals redefined
Package hyperref Info: Bookmarks ON on input line 2741.
("C:\Programme\MiKTeX 2.6\tex\latex\ltxmisc\url.sty"
\Urlmuskip=\muskip10
Package: url 2005/06/27  ver 3.2  Verb mode for urls, etc.
)
LaTeX Info: Redefining \url on input line 2909.
\Fld@menulength=\count109
\Field@Width=\dimen124
\Fld@charsize=\dimen125
\Choice@toks=\toks19
\Field@toks=\toks20
Package hyperref Info: Hyper figures OFF on input line 3393.
Package hyperref Info: Link nesting OFF on input line 3398.
Package hyperref Info: Hyper index ON on input line 3401.
Package hyperref Info: backreferencing OFF on input line 3408.
Package hyperref Info: Link coloring OFF on input line 3413.
\Hy@abspage=\count110
\c@Item=\count111
\c@Hfootnote=\count112
)
*hyperref using default driver hdvips*
("C:\Programme\MiKTeX 2.6\tex\latex\hyperref\hdvips.def"
File: hdvips.def 2007/06/14 v6.76i Hyperref driver for dvips

("C:\Programme\MiKTeX 2.6\tex\latex\hyperref\pdfmark.def"
File: pdfmark.def 2007/06/14 v6.76i Hyperref definitions for pdfmark specials
\pdf@docset=\toks21
\pdf@box=\box31
\pdf@toks=\toks22
\pdf@defaulttoks=\toks23
\Fld@listcount=\count113
))
Package: html 1999/07/19 v1.38 hypertext commands for latex2html (nd, hws, rrm)

\c@part=\count114
\c@lpart=\count115
\c@lchapter=\count116
\c@chapter=\count117
\c@lsection=\count118
\c@lsubsection=\count119
\c@lsubsubsection=\count120
\c@lparagraph=\count121
\c@lsubparagraph=\count122
\c@lsubsubparagraph=\count123
\ptrfile=\write3
))
(ifacsam-letter.aux)
LaTeX Font Info:    Checking defaults for OML/cmm/m/it on input line 4.
LaTeX Font Info:    ... okay on input line 4.
LaTeX Font Info:    Checking defaults for T1/cmr/m/n on input line 4.
LaTeX Font Info:    ... okay on input line 4.
LaTeX Font Info:    Checking defaults for OT1/cmr/m/n on input line 4.
LaTeX Font Info:    ... okay on input line 4.
LaTeX Font Info:    Checking defaults for OMS/cmsy/m/n on input line 4.
LaTeX Font Info:    ... okay on input line 4.
LaTeX Font Info:    Checking defaults for OMX/cmex/m/n on input line 4.
LaTeX Font Info:    ... okay on input line 4.
LaTeX Font Info:    Checking defaults for U/cmr/m/n on input line 4.
LaTeX Font Info:    ... okay on input line 4.
LaTeX Font Info:    Checking defaults for PD1/pdf/m/n on input line 4.
LaTeX Font Info:    ... okay on input line 4.
Package hyperref Info: Link coloring OFF on input line 4.
 ("C:\Programme\MiKTeX 2.6\tex\latex\hyperref\nameref.sty"
Package: nameref 2007/05/29 v2.31 Cross-referencing by name of section

("C:\Programme\MiKTeX 2.6\tex\latex\oberdiek\refcount.sty"
Package: refcount 2006/02/20 v3.0 Data extraction from references (HO)
)
\c@section@level=\count124
)
LaTeX Info: Redefining \ref on input line 4.
LaTeX Info: Redefining \pageref on input line 4.

(ifacsam-letter.out) (ifacsam-letter.out)
\@outlinefile=\write4
Package hyperref Info: *** compatibility with harvard ****  on input line 4.
\c@sv@footnote=\count125


LaTeX Warning: Citation 'AbTaRu:54' on page 1 undefined on input line 39.


LaTeX Warning: Citation 'Abl:56' on page 1 undefined on input line 39.


LaTeX Warning: Citation 'Keo:58' on page 1 undefined on input line 39.


LaTeX Warning: Citation 'Pow:85' on page 1 undefined on input line 39.


Overfull \vbox (2.8505pt too high) has occurred while \output is active []


Underfull \hbox (badness 10000) in alignment at lines 70--81
[][][][][]
 []


Underfull \vbox (badness 10000) has occurred while \output is active []

 [1

]
Overfull \hbox (2.80824pt too wide) in paragraph at lines 113--127
[]\OT1/cmr/m/n/10 Quare, pa-tres con-scripti, con-sulite vo-bis, prospicite
 []


Underfull \vbox (badness 10000) has occurred while \output is active []

 [2]
Overfull \hbox (15.23857pt too wide) in paragraph at lines 162--165
\OT1/cmr/m/n/10 some in-line maths: $\OML/cmm/m/it/10 R\OT1/cmr/m/n/10 (\OML/cm
m/m/it/10 x; t\OT1/cmr/m/n/10 ) \OMS/cmsy/m/n/10  \OML/cmm/m/it/10 t[]g\OT1/cm
r/m/n/10 (\OML/cmm/m/it/10 x=t[]\OT1/cmr/m/n/10 ) [](\OMS/cmsy/m/n/10  j\OML/cm
m/m/it/10 x\OMS/cmsy/m/n/10 j\OML/cmm/m/it/10 =t[]\OT1/cmr/m/n/10 )$ 
 []

No file ifacsam-letter.bbl.
[3] (ifacsam-letter.aux) ) 
Here is how much of TeX's memory you used:
 3486 strings out of 95285
 45503 string characters out of 1184842
 108304 words of memory out of 1106372
 6598 multiletter control sequences out of 60000
 7666 words of font info for 31 fonts, out of 1000000 for 2000
 14 hyphenation exceptions out of 8191
 41i,7n,36p,339b,352s stack positions out of 5000i,500n,10000p,200000b,32768s

Output written on ifacsam-letter.dvi (3 pages, 19328 bytes).
