This is pdfTeXk, Version 3.141592-1.40.3 (Web2C 7.5.6) (format=latex 2010.9.22)  17 NOV 2010 11:57
entering extended mode
 %&-line parsing enabled.
**paper2.tex
(./paper2.tex
LaTeX2e <2005/12/01>
Babel <v3.8h> and hyphenation patterns for english, usenglishmax, dumylang, noh
yphenation, loaded.
(./ifacmtg.cls
Document Class: ifacmtg 2002/04/18, 3.2ModD: IFAC meeting


** IMPORTANT NOTICE:
** You are not allowed to change this file or distribute copies
** under any other name. You may only
** use it to prepare papers for Elsevier. 
** The TeX code in this package
** is NOT being placed in the public domain.
** Copyright 1995 Elsevier Science Ltd


\@frontmatterwidth=\dimen102
\@bls=\dimen103
\eqntopsep=\skip41
\eqnarraycolsep=\dimen104
\labelwidthi=\dimen105
\labelwidthii=\dimen106
\labelwidthiii=\dimen107
\labelwidthiv=\dimen108
\@maxlistdepth=\count79
\eqnbaselineskip=\skip42
\eqnlineskip=\skip43
\mathindent=\dimen109
\rulepreskip=\dimen110
\rulepostskip=\dimen111
\Arrayrulewidth=\dimen112
\crulepostskip=\dimen113
\@Ldec=\dimen114
\@Rdec=\dimen115
\@Lpmdec=\dimen116
\@Rpmdec=\dimen117
\c@section=\count80
\c@subsection=\count81
\c@subsubsection=\count82
\c@paragraph=\count83
\c@subparagraph=\count84
(/usr/share/texmf-texlive/tex/latex/tools/theorem.sty
Package: theorem 1995/11/23 v2.2c Theorem extension package (FMi)
\theorem@style=\toks14
\theorem@bodyfont=\toks15
\theorempreskipamount=\skip44
\theorempostskipamount=\skip45

(/usr/share/texmf-texlive/tex/latex/tools/thp.sty
File: thp.sty 1995/11/23 v2.2c Theorem extension package (FMi)
))
(/usr/share/texmf-texlive/tex/latex/base/newlfont.sty
Package: newlfont 1998/08/17 v2.2m Standard LaTeX package
LaTeX Info: Redefining \em on input line 67.

(/usr/share/texmf-texlive/tex/latex/base/latexsym.sty
Package: latexsym 1998/08/17 v2.2e Standard LaTeX package (lasy symbols)
\symlasy=\mathgroup4
LaTeX Font Info:    Overwriting symbol font `lasy' in version `bold'
(Font)                  U/lasy/m/n --> U/lasy/b/n on input line 47.
))
LaTeX Info: Redefining \rm on input line 550.
LaTeX Info: Redefining \sf on input line 551.
LaTeX Info: Redefining \tt on input line 552.
LaTeX Info: Redefining \bf on input line 553.
LaTeX Info: Redefining \it on input line 554.
LaTeX Info: Redefining \sl on input line 555.
LaTeX Info: Redefining \sc on input line 556.
\c@thm=\count85
\c@alg=\count86
\c@algorithm=\count87
\c@note=\count88
\c@summ=\count89
\c@case=\count90
\@tempcntc=\count91
\c@figure=\count92
\c@table=\count93
\t@glob@notes=\toks16
\t@loc@notes=\toks17
\note@cnt=\count94
\c@author=\count95
\n@author=\count96
\c@collab=\count97
\n@collab=\count98
\c@address=\count99
\sv@mathsurround=\dimen118
\sv@hyphenpenalty=\count100
\prev@elem=\count101
\cur@elem=\count102
\fm@box=\box26
\fm@size=\dimen119
\t@abstract=\box27
\t@keyword=\box28
\rep@mod=\count103
\t@xtheight=\dimen120
\@logoheight=\dimen121
\@pubyear=\count104
\c@firstpage=\count105
\c@lastpage=\count106
\slashbox=\box29
LaTeX Font Info:    External font `cmex10' loaded for size
(Font)              <7> on input line 1453.
LaTeX Font Info:    External font `cmex10' loaded for size
(Font)              <5> on input line 1453.
LaTeX Font Info:    Try loading font information for U+lasy on input line 1453.


(/usr/share/texmf-texlive/tex/latex/base/ulasy.fd
File: ulasy.fd 1998/08/17 v2.2e LaTeX symbol font definitions
)
\Slashbox=\box30
LaTeX Font Info:    External font `cmex10' loaded for size
(Font)              <12> on input line 1454.
LaTeX Font Info:    External font `cmex10' loaded for size
(Font)              <8> on input line 1454.
LaTeX Font Info:    External font `cmex10' loaded for size
(Font)              <6> on input line 1454.
\@frontindent=\dimen122
)
(/usr/share/texmf-texlive/tex/latex/graphics/graphicx.sty
Package: graphicx 1999/02/16 v1.0f Enhanced LaTeX Graphics (DPC,SPQR)

(/usr/share/texmf-texlive/tex/latex/graphics/keyval.sty
Package: keyval 1999/03/16 v1.13 key=value parser (DPC)
\KV@toks@=\toks18
)
(/usr/share/texmf-texlive/tex/latex/graphics/graphics.sty
Package: graphics 2006/02/20 v1.0o Standard LaTeX Graphics (DPC,SPQR)

(/usr/share/texmf-texlive/tex/latex/graphics/trig.sty
Package: trig 1999/03/16 v1.09 sin cos tan (DPC)
)
(/etc/texmf/tex/latex/config/graphics.cfg
File: graphics.cfg 2007/01/18 v1.5 graphics configuration of teTeX/TeXLive
)
Package graphics Info: Driver file: dvips.def on input line 90.

(/usr/share/texmf-texlive/tex/latex/graphics/dvips.def
File: dvips.def 1999/02/16 v3.0i Driver-dependant file (DPC,SPQR)
))
\Gin@req@height=\dimen123
\Gin@req@width=\dimen124
) (./paper2.aux)
\openout1 = `paper2.aux'.

LaTeX Font Info:    Checking defaults for OML/cmm/m/it on input line 6.
LaTeX Font Info:    ... okay on input line 6.
LaTeX Font Info:    Checking defaults for T1/cmr/m/n on input line 6.
LaTeX Font Info:    ... okay on input line 6.
LaTeX Font Info:    Checking defaults for OT1/cmr/m/n on input line 6.
LaTeX Font Info:    ... okay on input line 6.
LaTeX Font Info:    Checking defaults for OMS/cmsy/m/n on input line 6.
LaTeX Font Info:    ... okay on input line 6.
LaTeX Font Info:    Checking defaults for OMX/cmex/m/n on input line 6.
LaTeX Font Info:    ... okay on input line 6.
LaTeX Font Info:    Checking defaults for U/cmr/m/n on input line 6.
LaTeX Font Info:    ... okay on input line 6.

(./natbib.sty
Package: natbib 1998/07/14 6.8c (PWD)
\bibhang=\skip46
\bibsep=\skip47
LaTeX Info: Redefining \cite on input line 467.
\c@NAT@ctr=\count107
)
\c@sv@footnote=\count108

Underfull \vbox (badness 10000) has occurred while \output is active []


Underfull \vbox (badness 10000) has occurred while \output is active []

 [1

]

Package natbib Warning: Citation `oswald07' on page 2 undefined on input line 6
3.


Package natbib Warning: Citation `bale07' on page 2 undefined on input line 63.


File: PaperPics2/coordinate_system.eps Graphic file (type eps)
<PaperPics2/coordinate_system.eps>
Overfull \hbox (0.88231pt too wide) in paragraph at lines 69--70
[][] 
 []

[2]
File: PaperPics2/dipole_pattern.eps Graphic file (type eps)
 <PaperPics2/dipole_pattern.eps>
Overfull \hbox (0.88231pt too wide) in paragraph at lines 103--105
[][] 
 []

File: PaperPics2/dipole_2d.eps Graphic file (type eps)
<PaperPics2/dipole_2d.eps>
Overfull \hbox (0.88231pt too wide) in paragraph at lines 113--115
[][] 
 []

File: PaperPics2/impedance.eps Graphic file (type eps)
<PaperPics2/impedance.eps>
Overfull \hbox (0.88231pt too wide) in paragraph at lines 132--134
[][] 
 []

File: PaperPics2/deviationf1.eps Graphic file (type eps)
<PaperPics2/deviationf1.eps>
File: PaperPics2/deviationf2.eps Graphic file (type eps)
 <PaperPics2/deviationf2.eps>
Overfull \hbox (0.88231pt too wide) in paragraph at lines 141--143
[][]
 []


Overfull \hbox (0.88231pt too wide) in paragraph at lines 141--143
[] 
 []

File: PaperPics2/meandev.eps Graphic file (type eps)
<PaperPics2/meandev.eps>
File: PaperPics2/maxdev.eps Graphic file (type eps)
 <PaperPics2/maxdev.eps>
Overfull \hbox (0.88231pt too wide) in paragraph at lines 150--152
[][]
 []


Overfull \hbox (0.88231pt too wide) in paragraph at lines 150--152
[] 
 []

[3]
Missing character: There is no   in font cmr10!
Missing character: There is no   in font cmr10!
 [4]

Package natbib Warning: Citation `harrington' on page 5 undefined on input line
 175.


Underfull \vbox (badness 10000) has occurred while \output is active []



Package natbib Warning: Citation `momentmethods' on page 5 undefined on input l
ine 183.


Package natbib Warning: Citation `concept' on page 5 undefined on input line 18
3.

File: PaperPics2/wiregrid.eps Graphic file (type eps)
<PaperPics2/wiregrid.eps>
File: PaperPics2/patchgrid.eps Graphic file (type eps)
 <PaperPics2/patchgrid.eps>
Overfull \hbox (0.88231pt too wide) in paragraph at lines 186--188
[][]
 []


Overfull \hbox (0.88231pt too wide) in paragraph at lines 186--188
[] 
 []

[5]

Package natbib Warning: Citation `macher_dipl' on page 6 undefined on input lin
e 202.


Package natbib Warning: Citation `cassini' on page 6 undefined on input line 21
7.


Package natbib Warning: Citation `cassini2' on page 6 undefined on input line 2
17.


Package natbib Warning: Citation `vogl_01' on page 6 undefined on input line 21
7.


Package natbib Warning: Citation `marsis' on page 6 undefined on input line 217
.


Package natbib Warning: Citation `marsis2' on page 6 undefined on input line 21
7.


Package natbib Warning: Citation `ruckerundi05' on page 6 undefined on input li
ne 217.


LaTeX Warning: Reference `stereo1' on page 6 undefined on input line 229.


Underfull \hbox (badness 10000) in paragraph at lines 243--244

 []


LaTeX Warning: Reference `fig_stereo_model' on page 6 undefined on input line 2
56.


Underfull \hbox (badness 10000) in alignment at lines 265--282
[][][][][]
 []


Underfull \hbox (badness 10000) in alignment at lines 287--304
[][][][][]
 []


Underfull \hbox (badness 10000) in alignment at lines 310--327
[][][][][]
 []

[6]

LaTeX Warning: Reference `fig_hefflength_abs' on page 7 undefined on input line
 349.


LaTeX Warning: Reference `fig_var_dir_300k' on page 7 undefined on input line 3
72.


LaTeX Warning: Reference `fig_var_dir_10m' on page 7 undefined on input line 37
2.


LaTeX Warning: Reference `fig_var_dir_10m' on page 7 undefined on input line 37
4.


LaTeX Warning: Reference `fig_hga' on page 7 undefined on input line 377.


LaTeX Warning: Reference `fig_var_HGA_300k' on page 7 undefined on input line 3
89.


LaTeX Warning: Reference `fig_var_dir_10m' on page 7 undefined on input line 38
9.


LaTeX Warning: Reference `fig_imp_open' on page 7 undefined on input line 413.


LaTeX Warning: Reference `fig_imp_loaded' on page 7 undefined on input line 413
.

[7]

LaTeX Warning: Reference `fig_freq_range' on page 8 undefined on input line 424
.

(./paper2.bbl

Package natbib Warning: Empty `thebibliography' environment on input line 8.

) [8

]

Package natbib Warning: There were undefined citations.

(./paper2.aux)

LaTeX Warning: There were undefined references.

 ) 
Here is how much of TeX's memory you used:
 1350 strings out of 95087
 15271 string characters out of 1183278
 72493 words of memory out of 1500000
 4540 multiletter control sequences out of 10000+50000
 8906 words of font info for 35 fonts, out of 1200000 for 2000
 28 hyphenation exceptions out of 8191
 30i,8n,23p,1018b,252s stack positions out of 5000i,500n,6000p,200000b,5000s

Output written on paper2.dvi (8 pages, 41440 bytes).
