         200
           1
   300000.00000000000     
  1.61799518767996759E-013  4.07691241012763749E-007
  2.93919126635382492E-013  7.44552446952530701E-007
  4.15847192950571121E-013  1.05900509042915325E-006
  5.31668995602271881E-013  1.36112825714504919E-006
  6.43077963912516371E-013  1.65507183726191387E-006
  7.50980271433887311E-013  1.94304268340634606E-006
  8.55932748939260863E-013  2.22638844218119494E-006
  9.58309540424593707E-013  2.50600951311188957E-006
  1.05837938777632097E-012  2.78254958155569788E-006
  1.15634291301210796E-012  3.05648734255193632E-006
  1.25235451452797220E-012  3.32818923400916307E-006
  1.34653679024627699E-012  3.59794515049885411E-006
  1.43899068373575276E-012  3.86599354905147940E-006
  1.52979938263843099E-012  4.13253086133564259E-006
  1.61903202369840927E-012  4.39771950546448087E-006
  1.70674731531498432E-012  4.66169724225764512E-006
  1.79299708201369214E-012  4.92458630614502932E-006
  1.87782595088439216E-012  5.18649236912832801E-006
  1.96127235777490638E-012  5.44750593197591956E-006
  2.04337010143310340E-012  5.70770674293081351E-006
  2.12415050372796921E-012  5.96716973786429297E-006
  2.20364110063813502E-012  6.22596141029353055E-006
  2.28186605437917857E-012  6.48413972787189940E-006
  2.35884704158411996E-012  6.74175702182715926E-006
  2.43460498978294922E-012  6.99886507806175270E-006
  2.50915843161133160E-012  7.25551050177348011E-006
  2.58252380151307041E-012  7.51173432920713590E-006
  2.65471601231629395E-012  7.76757423796678011E-006
  2.72575002748493355E-012  8.02306942279444208E-006
  2.79563906783540770E-012  8.27825540053245677E-006
  2.86439493668059288E-012  8.53316367346753649E-006
  2.93202840286440515E-012  8.78782353698021850E-006
  2.99855069464752103E-012  9.04226694987044333E-006
  3.06397161371982891E-012  9.29652287726807124E-006
  3.12829957057985747E-012  9.55061577329021384E-006
  3.19154382123067218E-012  9.80457419872697864E-006
  3.25371238038809299E-012  1.00584242043570111E-005
  3.31481247978837399E-012  1.03121892839776458E-005
  3.37485071353056921E-012  1.05658917042733455E-005
  3.43383447256534763E-012  1.08195575821680685E-005
  3.49176999705474404E-012  1.10732106979397732E-005
  3.54866295745779379E-012  1.13268727804740571E-005
  3.60451849378554636E-012  1.15805646352313275E-005
  3.65934263009878203E-012  1.18343113861392166E-005
  3.71314030099799931E-012  1.20881359816835280E-005
  3.76591603822359836E-012  1.23420597563145254E-005
  3.81767391065438281E-012  1.25961033657478096E-005
  3.86841892124828151E-012  1.28502922098411821E-005
  3.91815501477730202E-012  1.31046496394697162E-005
  3.96688586853012113E-012  1.33591978025181074E-005
  4.01461473998551730E-012  1.36139584022882547E-005
  4.06134584695213336E-012  1.38689583172750579E-005
  4.10708236236950060E-012  1.41242225158100928E-005
  4.15182730624432237E-012  1.43797751934156069E-005
  4.19558330645078625E-012  1.46356403699410251E-005
  4.23835396154922281E-012  1.48918477229706443E-005
  4.28014182773660328E-012  1.51484252189891849E-005
  4.32094940835279686E-012  1.54054005502221941E-005
  4.36077883239037294E-012  1.56628015897018252E-005
  4.39963319873084537E-012  1.59206624598230477E-005
  4.43751455995182726E-012  1.61790158945436214E-005
  4.47442500531386348E-012  1.64378949892830040E-005
  4.51036626102854198E-012  1.66973335421063553E-005
  4.54534101420041018E-012  1.69573723898762397E-005
  4.57935089800562512E-012  1.72180515287192223E-005
  4.61239766384012941E-012  1.74794122035034198E-005
  4.64448270704930423E-012  1.77414971825322980E-005
  4.67560836857565247E-012  1.80043574168243905E-005
  4.70577592592746519E-012  1.82680439735338819E-005
  4.73498685004662019E-012  1.85326105211384134E-005
  4.76324225996707068E-012  1.87981136268993209E-005
  4.79054419997637073E-012  1.90646198457805877E-005
  4.81689364074774753E-012  1.93321975842249219E-005
  4.84229181642271563E-012  1.96009201086578798E-005
  4.86673961149887770E-012  1.98708660537959808E-005
  4.89023881117828301E-012  2.01421271711662279E-005
  4.91279011701926591E-012  2.04148003983384428E-005
  4.93439455970214897E-012  2.06889917085931810E-005
  4.95505282132056694E-012  2.09648172805779081E-005
  4.97476645649317170E-012  2.12424124766118306E-005
  4.99353592688915634E-012  2.15219248459583847E-005
  5.01136208513769229E-012  2.18035197158517968E-005
  5.02824543560225451E-012  2.20873832921706708E-005
  5.04418732375568994E-012  2.23737345558468778E-005
  5.05918799394172882E-012  2.26628215020702211E-005
  5.07324813989218589E-012  2.29549315512836222E-005
  5.08636810698767363E-012  2.32504010651393303E-005
  5.09854904733700004E-012  2.35496365794131255E-005
  5.10979100514797586E-012  2.38531237879523686E-005
  5.12009452932872463E-012  2.41614569218282252E-005
  5.12945982017356363E-012  2.44753771099999912E-005
  5.13788784753908760E-012  2.47958392322134259E-005
  5.14537846821168572E-012  2.51240954532919096E-005
  5.15193209608393093E-012  2.54618535511042866E-005
  5.15754879615169657E-012  2.58115562252332316E-005
  5.16222936313370390E-012  2.61769388631821393E-005
  5.16597347524225369E-012  2.65642496097326687E-005
  5.16878141744985254E-012  2.69855798270733855E-005
  5.17065312568683917E-012  2.74714405131048296E-005
  5.17158922355888470E-012  2.81762456015913334E-005
  5.17158922139408680E-012  2.74737688065403376E-005
  5.17065311919368220E-012  2.69902470909613535E-005
  5.16878140663183667E-012  2.65712558492943027E-005
  5.16597346010520391E-012  2.61862810927377292E-005
  5.16222934368582336E-012  2.58232334303243864E-005
  5.15754877240356656E-012  2.54758669492973642E-005
  5.15193206804840506E-012  2.51404491598032973E-005
  5.14537843590395454E-012  2.48145311103561441E-005
  5.13788781097671094E-012  2.44964067538375115E-005
  5.12945977937647783E-012  2.41848252586955928E-005
  5.12009448431917309E-012  2.38788354659111654E-005
  5.10979095595054136E-012  2.35776900584922419E-005
  5.09854899397862653E-012  2.32807964270034625E-005
  5.08636804949769856E-012  2.29876699429475857E-005
  5.07324807830225780E-012  2.26979079215686863E-005
  5.05918792828583563E-012  2.24111680090271272E-005
  5.04418725407020740E-012  2.21271643250723685E-005
  5.02824536192594863E-012  2.18456498563988620E-005
  5.01136200751164583E-012  2.15664094352021185E-005
  4.99353584535682052E-012  2.12892510660738305E-005
  4.97476637110039366E-012  2.10140108931311702E-005
  4.95505273211558730E-012  2.07405423473543209E-005
  4.93439446673553964E-012  2.04687137815410052E-005
  4.91279002034400200E-012  2.01984034228308491E-005
  4.89023871084973392E-012  1.99295067089061420E-005
  4.86673950757484349E-012  1.96619277263100841E-005
  4.84229170896333006E-012  1.93955783157198023E-005
  4.81689352981555967E-012  1.91303744362352133E-005
  4.79054408563636030E-012  1.88662441792932218E-005
  4.76324214228665210E-012  1.86031202362015472E-005
  4.73498672909557471E-012  1.83409395113743148E-005
  4.70577580177802490E-012  1.80796402146669191E-005
  4.67560824130250030E-012  1.78191699898137529E-005
  4.64448257672958447E-012  1.75594789634757422E-005
  4.61239753055341699E-012  1.73005195092548630E-005
  4.57935076183390302E-012  1.70422438176680414E-005
  4.54534087522818896E-012  1.67846119189482149E-005
  4.51036611934278949E-012  1.65275851262173584E-005
  4.47442486100404933E-012  1.62711257959906902E-005
  4.43751441310985492E-012  1.60151952726726096E-005
  4.39963304945112330E-012  1.57597617094414314E-005
  4.36077868076992038E-012  1.55047938161057535E-005
  4.32094925449111216E-012  1.52502605408112288E-005
  4.28014167173570108E-012  1.49961293428774188E-005
  4.23835380351368248E-012  1.47423737661363549E-005
  4.19558314648774223E-012  1.44889674435958041E-005
  4.15182714446356430E-012  1.42358836593762796E-005
  4.10708219888333360E-012  1.39830939277653693E-005
  4.06134568187549434E-012  1.37305752960028736E-005
  4.01461457343599756E-012  1.34783045770768828E-005
  3.96688570062795107E-012  1.32262577669171556E-005
  3.91815484564541085E-012  1.29744089181759908E-005
  3.86841875101222216E-012  1.27227371600484989E-005
  3.81767373944245955E-012  1.24712211397070335E-005
  3.76591586616686440E-012  1.22198382772946244E-005
  3.71314012823021879E-012  1.19685639273472269E-005
  3.65934245675657223E-012  1.17173781080063642E-005
  3.60451832000829611E-012  1.14662601355319406E-005
  3.54866278338771111E-012  1.12151877025003596E-005
  3.49176982283692843E-012  1.09641363206517548E-005
  3.43383429834785191E-012  1.07130857531307525E-005
  3.37485053946436393E-012  1.04620148269187870E-005
  3.31481230602742582E-012  1.02109003191306853E-005
  3.25371220708939176E-012  9.95971667319372018E-006
  3.19154364855427331E-012  9.70844212669267624E-006
  3.12829939868898211E-012  9.45705368580771121E-006
  3.06397144278085749E-012  9.20552581087563855E-006
  2.99855052483005385E-012  8.95383046154163860E-006
  2.93202823434140333E-012  8.70194364971479237E-006
  2.86439476962834000E-012  8.44983690940745581E-006
  2.79563890243372628E-012  8.19747879762169754E-006
  2.72574986391712366E-012  7.94484049726683273E-006
  2.65471585076929720E-012  7.69189099550100691E-006
  2.58252364217754709E-012  7.43859529520577798E-006
  2.50915827468182748E-012  7.18491474717353232E-006
  2.43460483545800380E-012  6.93081219543342175E-006
  2.35884689006638441E-012  6.67624714973874948E-006
  2.28186590587555912E-012  6.42117359788387324E-006
  2.20364095536005386E-012  6.16554038908132656E-006
  2.12415036189153818E-012  5.90929582502600381E-006
  2.04336996325933684E-012  5.65238261875506182E-006
  1.96127222348999053E-012  5.39473503405759318E-006
  1.87782582072009430E-012  5.13627896713129847E-006
  1.79299695620765646E-012  4.87693554192890114E-006
  1.70674719411118972E-012  4.61661522779264777E-006
  1.61903190734770877E-012  4.35521346400006518E-006
  1.52979927139924199E-012  4.09260928093929283E-006
  1.43899057787480345E-012  3.82866632640738421E-006
  1.34653669003953187E-012  3.56322382279701634E-006
  1.25235442026199179E-012  3.29608730117081528E-006
  1.15634282498565309E-012  3.02702066533630584E-006
  1.05837930630245567E-012  2.75573687006201198E-006
  9.58309465833542388E-013  2.48187305619335983E-006
  8.55932681582627582E-013  2.20495517954645505E-006
  7.50980211690845219E-013  1.92434578224001673E-006
  6.43077912199264442E-013  1.63915314815729846E-006
  5.31668952388248239E-013  1.34804259645717628E-006
  4.15847158789258652E-013  1.04882847225028888E-006
  2.93919102233159916E-013  7.37400706734617215E-007
  1.61799505191463796E-013  4.03776888809251910E-007
         100
