This is pdfTeXk, Version 3.141592-1.40.3 (Web2C 7.5.6) (format=latex 2010.9.22)  9 NOV 2010 16:22
entering extended mode
 %&-line parsing enabled.
**ThesisPaper.tex
(./ThesisPaper.tex
LaTeX2e <2005/12/01>
Babel <v3.8h> and hyphenation patterns for english, usenglishmax, dumylang, noh
yphenation, loaded.
(./agu2001.cls


 AGU2001 Journal Style, American Geophysical Union 
 This version is dated November 3


Document Class: agu2001 09/27/2001
\c@chapter=\count79
\c@section=\count80
\c@subsection=\count81
\c@subsubsection=\count82
\c@figure=\count83
\c@table=\count84
\mathindent=\dimen102
\abovefigcaptionskip=\skip41
\abovetabcaptionskip=\skip42
\abovetableskip=\skip43
\belowtabcaptionskip=\dimen103
\landscapebox=\box26
\c@plate=\count85
\savecurrtable=\box27
\abovetabularskip=\skip44
\belowtabularskip=\skip45
\timing=\count86
\hourcount=\count87
\oldtime=\count88
\totpages=\count89
\belowtitleskip=\dimen104
\abovesubtitleskip=\dimen105
\belowsubtitleskip=\dimen106
\aboveauthorskip=\dimen107
\belowauthorskip=\dimen108
\thanksnum=\count90
\dothanks=\count91
\thankscounter=\count92
\titlethanksnum=\count93
\dotitlethanks=\count94
\titlethankscounter=\count95
\thanksnum=\count96
\dothanks=\count97
\thankscounter=\count98
\authorwidth=\dimen109
\authorbaselineskip=\dimen110
\aboveaffilskip=\dimen111
\belowaffilskip=\dimen112
\affilwidth=\dimen113
\aboveabstractskip=\dimen114
\belowabstractskip=\dimen115
\belowabstractnameskip=\dimen116
\abstractmargin=\dimen117
\abovereceivedskip=\skip46
\aboverevisedskip=\skip47
\aboveacceptedskip=\skip48
\abovepublishededskip=\skip49
\barticle=\box28
\thanksbox=\box29
\titlethanksbox=\box30
\c@appendnum=\count99
\footnum=\count100
\savefootnum=\count101
\ackskip=\skip50
\saveparskip=\dimen118
\captionskip=\dimen119
\PushOneColTopFig=\dimen120
\PushOneColBotFig=\dimen121
\PushOneColTopTab=\dimen122
\PushOneColBotTab=\dimen123
\PushTwoColTopFig=\dimen124
\PushTwoColBotFig=\dimen125
\PushTwoColTopTab=\dimen126
\PushTwoColBotTab=\dimen127
\intextfloatskip=\skip51
\c@appfigure=\count102
\c@apptable=\count103
\c@appplate=\count104
\checkforspace=\dimen128
\savetopinsert=\box31
\savebotinsert=\box32
\secondsavetopinsert=\box33
\secondsavebotinsert=\box34
\firstcolbox=\box35
\secondcolbox=\box36
\thefirstbox=\box37
\thesecondbox=\box38
\firstcol=\dimen129
\secondcol=\dimen130
\checkheight=\dimen131
\loopnum=\count105
\firstcolsavefignum=\count106
\footnotebox=\box39
\ColUsed=\dimen132
\FigSpace=\dimen133
\testdblbotins=\box40
\pageloopnum=\count107
\endcolsavetopinsert=\box41
\endcolsavebotinsert=\box42
\testpagesize=\box43
\savelastskip=\dimen134
\partialpage=\box44
\figandtabnumber=\count108
\figandtabbox=\box45
\pagefloatnumber=\count109
\sizeoffloat=\box46
\bogus=\count110
\figinsert=\insert233
\herebox=\box47
\endfigbox=\box48
\spanbox=\box49
\dbltopins=\box50
\dblbotins=\box51
\dblbotskip=\skip52
\dblfigandtabnumber=\count111
\dblfigandtabbox=\box52
\dblloopnum=\count112
\savedblfigandtabnumber=\count113
\dblspanherebox=\box53
\bigpagenum=\count114
\littlepagenum=\count115
\wholepagenum=\count116
\@cprtype=\count117
\@slugcmmntwidth=\dimen135
\affilnum=\count118
\totalaffils=\count119
\figcount=\count120
\saveequation=\count121
\c@currlett=\count122
\notationwidth=\dimen136
\betweennotationskip=\skip53
\WidestEntry=\dimen137
\premulticols=\dimen138
\page@free=\dimen139
\partial@page=\box54
\multicoltolerance=\count123
\doublecol@number=\count124
\multicolbaselineskip=\skip54
\c@collectmore=\count125
\loopcount=\count126
\fixdimen=\dimen140
\c@unbalance=\count127
\savedimen=\dimen141
\savehsize=\dimen142
\mycolumnwidth=\dimen143
\saveparindent=\dimen144
\saveparskip=\dimen145
\abstractwidth=\dimen146
\currlastnumber=\count128
\altaffilbox=\box55
\sectskip=\skip55
\belowsectionskip=\skip56
\subsectskip=\skip57
\belowsubsectskip=\skip58
\subsubsectskip=\skip59
\belowsubsubsectskip=\skip60
\c@subsubsubsection=\count129
\captionwidth=\dimen147
\widecaptionwidth=\dimen148
\landscapecaptionwidth=\dimen149
\@temptokenb=\toks14
\beforeendskip=\skip61


 RAS class option, October 1, 2001,
 \documentclass[ras]{AGU2001}
 ``RADIO SCIENCE'', 
 Published by American Geophysical Union


\titlesize=\dimen150
LaTeX Info: Redefining \cite on input line 7330.
\c@NAT@ctr=\count130
) (/usr/share/texmf-texlive/tex/latex/graphics/graphicx.sty
Package: graphicx 1999/02/16 v1.0f Enhanced LaTeX Graphics (DPC,SPQR)

(/usr/share/texmf-texlive/tex/latex/graphics/keyval.sty
Package: keyval 1999/03/16 v1.13 key=value parser (DPC)
\KV@toks@=\toks15
)
(/usr/share/texmf-texlive/tex/latex/graphics/graphics.sty
Package: graphics 2006/02/20 v1.0o Standard LaTeX Graphics (DPC,SPQR)

(/usr/share/texmf-texlive/tex/latex/graphics/trig.sty
Package: trig 1999/03/16 v1.09 sin cos tan (DPC)
)
(/etc/texmf/tex/latex/config/graphics.cfg
File: graphics.cfg 2007/01/18 v1.5 graphics configuration of teTeX/TeXLive
)
Package graphics Info: Driver file: dvips.def on input line 90.

(/usr/share/texmf-texlive/tex/latex/graphics/dvips.def
File: dvips.def 1999/02/16 v3.0i Driver-dependant file (DPC,SPQR)
))
\Gin@req@height=\dimen151
\Gin@req@width=\dimen152
) (./ThesisPaper.aux)
\openout1 = `ThesisPaper.aux'.

LaTeX Font Info:    Checking defaults for OML/cmm/m/it on input line 57.
LaTeX Font Info:    ... okay on input line 57.
LaTeX Font Info:    Checking defaults for T1/cmr/m/n on input line 57.
LaTeX Font Info:    ... okay on input line 57.
LaTeX Font Info:    Checking defaults for OT1/cmr/m/n on input line 57.
LaTeX Font Info:    ... okay on input line 57.
LaTeX Font Info:    Checking defaults for OMS/cmsy/m/n on input line 57.
LaTeX Font Info:    ... okay on input line 57.
LaTeX Font Info:    Checking defaults for OMX/cmex/m/n on input line 57.
LaTeX Font Info:    ... okay on input line 57.
LaTeX Font Info:    Checking defaults for U/cmr/m/n on input line 57.
LaTeX Font Info:    ... okay on input line 57.
LaTeX Font Info:    External font `cmex10' loaded for size
(Font)              <9> on input line 150.
LaTeX Font Info:    External font `cmex10' loaded for size
(Font)              <6> on input line 150.
LaTeX Font Info:    External font `cmex10' loaded for size
(Font)              <5> on input line 150.
LaTeX Font Info:    External font `cmex10' loaded for size
(Font)              <7> on input line 158.

Underfull \hbox (badness 10000) in paragraph at lines 159--163

 []


Underfull \hbox (badness 10000) in paragraph at lines 164--172

 []

[1

]
Underfull \hbox (badness 10000) in paragraph at lines 174--175

 []


Underfull \hbox (badness 10000) in paragraph at lines 175--176

 []


Underfull \hbox (badness 10000) in paragraph at lines 176--177

 []


Underfull \hbox (badness 10000) in paragraph at lines 177--178

 []


Underfull \hbox (badness 10000) in paragraph at lines 207--208

 []


Underfull \hbox (badness 10000) in paragraph at lines 210--211

 []


Underfull \hbox (badness 10000) in paragraph at lines 211--212

 []

[2]
Underfull \hbox (badness 10000) in paragraph at lines 212--213

 []


Underfull \hbox (badness 10000) in paragraph at lines 213--214

 []


Underfull \hbox (badness 10000) in paragraph at lines 214--215

 []


Underfull \hbox (badness 10000) in paragraph at lines 215--216

 []


Underfull \hbox (badness 10000) in paragraph at lines 218--219

 []


Underfull \hbox (badness 10000) in paragraph at lines 220--221

 []


Underfull \hbox (badness 10000) in paragraph at lines 222--223

 []


Underfull \hbox (badness 10000) in paragraph at lines 225--226

 []


Underfull \hbox (badness 10000) in paragraph at lines 226--227

 []


Underfull \hbox (badness 10000) in paragraph at lines 227--228

 []


Underfull \hbox (badness 10000) in paragraph at lines 230--231

 []


Underfull \hbox (badness 10000) in paragraph at lines 232--233

 []


Underfull \hbox (badness 10000) in paragraph at lines 234--235

 []

[3]
Underfull \hbox (badness 10000) in paragraph at lines 244--245

 []


Underfull \hbox (badness 10000) in paragraph at lines 252--253

 []


Underfull \hbox (badness 10000) in paragraph at lines 261--262

 []

[4]
Underfull \hbox (badness 10000) in paragraph at lines 284--285

 []


Underfull \hbox (badness 10000) in paragraph at lines 295--296

 []

[5]
Overfull \hbox (39.35033pt too wide) in alignment at lines 312--322
[][][] []
 []


Overfull \hbox (53.04556pt too wide) in alignment at lines 324--329
[][][] []
 []

[6]
Overfull \hbox (3.17984pt too wide) in alignment at lines 334--338
[][][] []
 []


Overfull \hbox (8.16565pt too wide) in alignment at lines 341--349
[][][] []
 []


Underfull \hbox (badness 10000) in paragraph at lines 351--352

 []


Underfull \hbox (badness 10000) in paragraph at lines 357--358

 []

[7]
Underfull \hbox (badness 10000) in paragraph at lines 406--407

 []


Underfull \hbox (badness 10000) in paragraph at lines 410--411

 []

[8]
Underfull \hbox (badness 10000) in paragraph at lines 413--414

 []


Underfull \hbox (badness 10000) in paragraph at lines 420--421

 []


Underfull \hbox (badness 10000) in paragraph at lines 422--423

 []


Underfull \hbox (badness 10000) in paragraph at lines 424--425

 []

[9]
Underfull \hbox (badness 10000) in paragraph at lines 440--441

 []


Underfull \hbox (badness 10000) in paragraph at lines 444--445

 []


Underfull \hbox (badness 10000) in paragraph at lines 446--447

 []


Underfull \hbox (badness 10000) in paragraph at lines 448--449

 []

[10]
Underfull \hbox (badness 10000) in paragraph at lines 450--451

 []


Underfull \hbox (badness 10000) in paragraph at lines 452--453

 []


Underfull \hbox (badness 10000) in paragraph at lines 454--455

 []


Underfull \hbox (badness 10000) in paragraph at lines 456--457

 []


Underfull \hbox (badness 10000) in paragraph at lines 460--461

 []


Underfull \hbox (badness 10000) in paragraph at lines 468--469

 []


Underfull \hbox (badness 10000) in paragraph at lines 471--473

 []

[11]
Underfull \hbox (badness 10000) in paragraph at lines 475--476

 []


Underfull \hbox (badness 10000) in paragraph at lines 478--479

 []


Underfull \hbox (badness 10000) in paragraph at lines 480--481

 []


Underfull \hbox (badness 10000) in paragraph at lines 482--483

 []

[12]
Underfull \hbox (badness 10000) in paragraph at lines 486--487

 []


Underfull \hbox (badness 10000) in paragraph at lines 489--490

 []

[13]
Underfull \hbox (badness 10000) in paragraph at lines 493--494

 []


Underfull \hbox (badness 10000) in paragraph at lines 495--496

 []


Underfull \hbox (badness 10000) in paragraph at lines 498--499

 []


Underfull \hbox (badness 10000) in paragraph at lines 502--503

 []

[14]
Underfull \hbox (badness 10000) in paragraph at lines 508--511

 []

[15]
Overfull \hbox (20.14882pt too wide) in paragraph at lines 687--687
\OT1/cmr/m/n/9 strasse 6, Graz, A-8042, Aus-tria. (thomas.oswald@oeaw.ac.at) 
 []

File: df_coordinate_system.eps Graphic file (type eps)
<df_coordinate_system.eps>
Overfull \hbox (12.0pt too wide) in paragraph at lines 818--819
[]
 []


Underfull \hbox (badness 10000) in paragraph at lines 818--819

 []

File: instruments.eps Graphic file (type eps)
<instruments.eps>
Overfull \hbox (12.0pt too wide) in paragraph at lines 824--825
[]
 []


Underfull \hbox (badness 10000) in paragraph at lines 824--825

 []

File: SpaceCraftD2HGA0Oblique.eps Graphic file (type eps)
<SpaceCraftD2HGA0Oblique.eps>
Overfull \hbox (12.0pt too wide) in paragraph at lines 830--831
[]
 []


Underfull \hbox (badness 10000) in paragraph at lines 830--831

 []

File: HeffD2HGA0-500kHz-ZViewCap.eps Graphic file (type eps)
<HeffD2HGA0-500kHz-ZViewCap.eps>
Overfull \hbox (12.0pt too wide) in paragraph at lines 836--837
[]
 []


Underfull \hbox (badness 10000) in paragraph at lines 836--837

 []

File: HeffVerteilungD2-ZView_caps.eps Graphic file (type eps)
<HeffVerteilungD2-ZView_caps.eps>
Overfull \hbox (12.0pt too wide) in paragraph at lines 842--843
[] 
 []


Underfull \hbox (badness 10000) in paragraph at lines 842--843

 []

File: heff_length_variation500kHz_6d.eps Graphic file (type eps)
<heff_length_variation500kHz_6d.eps>
Overfull \hbox (12.0pt too wide) in paragraph at lines 847--848
[] 
 []


Underfull \hbox (badness 10000) in paragraph at lines 847--848

 []

File: heff_length_variation13.5MHz_6d.eps Graphic file (type eps)
<heff_length_variation13.5MHz_6d.eps>
Overfull \hbox (12.0pt too wide) in paragraph at lines 852--853
[] 
 []


Underfull \hbox (badness 10000) in paragraph at lines 852--853

 []

File: HeffLengthRealD2_caps.eps Graphic file (type eps)
<HeffLengthRealD2_caps.eps>
Overfull \hbox (12.0pt too wide) in paragraph at lines 859--860
[] 
 []


Underfull \hbox (badness 10000) in paragraph at lines 859--860

 []

File: HeffLengthImagD2_caps.eps Graphic file (type eps)
<HeffLengthImagD2_caps.eps>
Overfull \hbox (12.0pt too wide) in paragraph at lines 864--865
[] 
 []


Underfull \hbox (badness 10000) in paragraph at lines 864--865

 []

File: ImpedancesD21_caps.eps Graphic file (type eps)
<ImpedancesD21_caps.eps>
Overfull \hbox (12.0pt too wide) in paragraph at lines 870--870
[] 
 []


Underfull \hbox (badness 10000) in paragraph at lines 870--870

 []

File: ImpedancesD22_caps.eps Graphic file (type eps)
<ImpedancesD22_caps.eps>
Overfull \hbox (12.0pt too wide) in paragraph at lines 874--874
[] 
 []


Underfull \hbox (badness 10000) in paragraph at lines 874--874

 []

LaTeX Font Info:    External font `cmex10' loaded for size
(Font)              <8> on input line 884.
[16] [17] [18] [19] [20] [21] [22] [23] (./ThesisPaper.aux) ) 
Here is how much of TeX's memory you used:
 1468 strings out of 95087
 17671 string characters out of 1183278
 86805 words of memory out of 1500000
 4679 multiletter control sequences out of 10000+50000
 14135 words of font info for 48 fonts, out of 1200000 for 2000
 28 hyphenation exceptions out of 8191
 25i,11n,24p,1300b,387s stack positions out of 5000i,500n,6000p,200000b,5000s

Output written on ThesisPaper.dvi (23 pages, 61552 bytes).
