         191
           1
   10000000.000000000     
  3.17025170365207814E-007  1.88034545030092804E-005
  5.71260806639431479E-007  3.40417223539526086E-005
  8.05113498481069898E-007  4.82001922533602375E-005
  1.02697885374150188E-006  6.17679481325465751E-005
  1.24028537214613170E-006  7.49435846052688205E-005
  1.44685167749201117E-006  8.78318833834551105E-005
  1.64778861435947497E-006  1.00496528628694876E-004
  1.84383781382375763E-006  1.12979842300292208E-004
  2.03552569753929039E-006  1.25311738977446448E-004
  2.22324303186193361E-006  1.37514340278155329E-004
  2.40728994100818155E-006  1.49604579406992504E-004
  2.58790318648416165E-006  1.61595775784580131E-004
  2.76527361191554278E-006  1.73498639606718783E-004
  2.93955779183742174E-006  1.85321941074141367E-004
  3.11088609198115361E-006  1.97072972407798556E-004
  3.27936841529789110E-006  2.08757876486715083E-004
  3.44509840333613580E-006  2.20381886636298983E-004
  3.60815657596504216E-006  2.31949505469067411E-004
  3.76861272267811382E-006  2.43464640845667723E-004
  3.92652775448841624E-006  2.54930710994248123E-004
  4.08195515940399884E-006  2.66350727011475594E-004
  4.23494216148377254E-006  2.77727358487907022E-004
  4.38553065479439346E-006  2.89062986347656957E-004
  4.53375796403513502E-006  3.00359745866966051E-004
  4.67965747000450404E-006  3.11619562055016636E-004
  4.82325912846461114E-006  3.22844179028322251E-004
  4.96458990404514906E-006  3.34035184613755919E-004
  5.10367413578568725E-006  3.45194031126654153E-004
  5.24053384718674082E-006  3.56322053057420770E-004
  5.37518901085046889E-006  3.67420482240927071E-004
  5.50765777568061093E-006  3.78490460962817223E-004
  5.63795666299693213E-006  3.89533053365113719E-004
  5.76610073667250336E-006  4.00549255442869104E-004
  5.89210375143120461E-006  4.11540003868773310E-004
  6.01597828267934443E-006  4.22506183839652875E-004
  6.13773584064113629E-006  4.33448636104981962E-004
  6.25738697108541805E-006  4.44368163310686045E-004
  6.37494134454396857E-006  4.55265535770168301E-004
  6.49040783560833428E-006  4.66141496757379692E-004
  6.60379459363754684E-006  4.76996767403088326E-004
  6.71510910600057861E-006  4.87832051264508319E-004
  6.82435825480587966E-006  4.98648038629696420E-004
  6.93154836792862535E-006  5.09445410611117345E-004
  7.03668526502833931E-006  5.20224843077335603E-004
  7.13977429915112155E-006  5.30987010467521723E-004
  7.24082039442843293E-006  5.41732589530383342E-004
  7.33982808031445655E-006  5.52462263026889640E-004
  7.43680152274579378E-006  5.63176723434892263E-004
  7.53174455255675144E-006  5.73876676693192006E-004
  7.62466069144166993E-006  5.84562846022905979E-004
  7.71555317571869512E-006  5.95235975864980243E-004
  7.80442497811870230E-006  6.05896835974571008E-004
  7.89127882779608699E-006  6.16546225715669397E-004
  7.97611722873489932E-006  6.27184978602982209E-004
  8.05894247670370519E-006  6.37813967142720063E-004
  8.13975667489546178E-006  6.48434108029831858E-004
  8.21856174837300209E-006  6.59046367766469342E-004
  8.29535945742793207E-006  6.69651768775404179E-004
  8.37015140994879564E-006  6.80251396093039108E-004
  8.44293907288451198E-006  6.90846404740023132E-004
  8.51372378287979913E-006  7.01438027883758862E-004
  8.58250675615169337E-006  7.12027585927100300E-004
  8.64928909766909258E-006  7.22616496682067146E-004
  8.71407180969114992E-006  7.33206286817630545E-004
  8.77685579971489755E-006  7.43798604808131795E-004
  8.83764188787749638E-006  7.54395235655549805E-004
  8.89643081385423181E-006  7.64998117717328747E-004
  8.95322324328951483E-006  7.75609362045215659E-004
  9.00801977379459020E-006  7.86231274734273066E-004
  9.06082094054253971E-006  7.96866382901142349E-004
  9.11162722148852254E-006  8.07517465065495121E-004
  9.16043904224039765E-006  8.18187586910262637E-004
  9.20725678060292679E-006  8.28880143661571184E-004
  9.25208077081638668E-006  8.39598910681961367E-004
  9.29491130750879086E-006  8.50348104344742818E-004
  9.33574864937912772E-006  8.61132455902941830E-004
  9.37459302262754076E-006  8.71957301957334706E-004
  9.41144462414682500E-006  8.82828696375805326E-004
  9.44630362448869576E-006  8.93753550292521897E-004
  9.47917017061665758E-006  9.04739809389122889E-004
  9.51004438845658472E-006  9.15796681464327647E-004
  9.53892638525500663E-006  9.26934933046390393E-004
  9.56581625175412078E-006  9.38167282705501754E-004
  9.59071406419196786E-006  9.49508932902047554E-004
  9.61361988613507051E-006  9.60978305517711743E-004
  9.63453377015042896E-006  9.72598085967126729E-004
  9.65345575932285012E-006  9.84396751511081242E-004
  9.67038588862326996E-006  9.96410891669677204E-004
  9.68532418613273483E-006  1.00868889128505530E-003
  9.69827067412646296E-006  1.02129710778182015E-003
  9.70922537002182175E-006  1.03433098695362774E-003
  9.71818828719339027E-006  1.04793701867027830E-003
  9.72515943565802093E-006  1.06236211810397155E-003
  9.73013882263216338E-006  1.07808871049042652E-003
  9.73312645296342783E-006  1.09635337602365253E-003
  9.73412232943779036E-006  1.12381114596028504E-003
  9.73312645296348204E-006  1.09635337602365796E-003
  9.73013882263227518E-006  1.07808871049043693E-003
  9.72515943565818356E-006  1.06236211810398717E-003
  9.71818828719360034E-006  1.04793701867029912E-003
  9.70922537002207755E-006  1.03433098695365289E-003
  9.69827067412674587E-006  1.02129710778184725E-003
  9.68532418613304146E-006  1.00868889128508587E-003
  9.67038588862360200E-006  9.96410891669709947E-004
  9.65345575932319062E-006  9.84396751511115720E-004
  9.63453377015079318E-006  9.72598085967162074E-004
  9.61361988613544998E-006  9.60978305517748064E-004
  9.59071406419234224E-006  9.49508932902083766E-004
  9.56581625175448162E-006  9.38167282705535907E-004
  9.53892638525536916E-006  9.26934933046424871E-004
  9.51004438845694048E-006  9.15796681464361149E-004
  9.47917017061700317E-006  9.04739809389155090E-004
  9.44630362448903627E-006  8.93753550292553881E-004
  9.41144462414715365E-006  8.82828696375837201E-004
  9.37459302262786432E-006  8.71957301957365172E-004
  9.33574864937945129E-006  8.61132455902971646E-004
  9.29491130750910426E-006  8.50348104344771007E-004
  9.25208077081671872E-006  8.39598910681992050E-004
  9.20725678060326391E-006  8.28880143661601650E-004
  9.16043904224074154E-006  8.18187586910293645E-004
  9.11162722148887491E-006  8.07517465065526346E-004
  9.06082094054290563E-006  7.96866382901174658E-004
  9.00801977379495951E-006  7.86231274734305267E-004
  8.95322324328989600E-006  7.75609362045249161E-004
  8.89643081385462144E-006  7.64998117717362249E-004
  8.83764188787790126E-006  7.54395235655585042E-004
  8.77685579971531599E-006  7.43798604808167682E-004
  8.71407180969157005E-006  7.33206286817667083E-004
  8.64928909766951610E-006  7.22616496682103576E-004
  8.58250675615212705E-006  7.12027585927137488E-004
  8.51372378288024806E-006  7.01438027883797026E-004
  8.44293907288498293E-006  6.90846404740063248E-004
  8.37015140994928354E-006  6.80251396093080308E-004
  8.29535945742843182E-006  6.69651768775446029E-004
  8.21856174837350523E-006  6.59046367766512060E-004
  8.13975667489595984E-006  6.48434108029874467E-004
  8.05894247670420664E-006  6.37813967142762564E-004
  7.97611722873540754E-006  6.27184978603024927E-004
  7.89127882779660538E-006  6.16546225715712656E-004
  7.80442497811920883E-006  6.05896835974612967E-004
  7.71555317571919995E-006  5.95235975865022636E-004
  7.62466069144218577E-006  5.84562846022948588E-004
  7.53174455255726389E-006  5.73876676693234615E-004
  7.43680152274631470E-006  5.63176723434935197E-004
  7.33982808031498087E-006  5.52462263026933117E-004
  7.24082039442894792E-006  5.41732589530426385E-004
  7.13977429915164078E-006  5.30987010467564549E-004
  7.03668526502885092E-006  5.20224843077377670E-004
  6.93154836792913019E-006  5.09445410611159195E-004
  6.82435825480637094E-006  4.98648038629736644E-004
  6.71510910600104871E-006  4.87832051264547296E-004
  6.60379459363800508E-006  4.76996767403125893E-004
  6.49040783560878321E-006  4.66141496757417043E-004
  6.37494134454440564E-006  4.55265535770204351E-004
  6.25738697108583987E-006  4.44368163310721119E-004
  6.13773584064154964E-006  4.33448636105016223E-004
  6.01597828267974677E-006  4.22506183839686594E-004
  5.89210375143158493E-006  4.11540003868805294E-004
  5.76610073667286420E-006  4.00549255442899407E-004
  5.63795666299727095E-006  3.89533053365142287E-004
  5.50765777568093280E-006  3.78490460962844653E-004
  5.37518901085076027E-006  3.67420482240952279E-004
  5.24053384718701780E-006  3.56322053057444622E-004
  5.10367413578593967E-006  3.45194031126676217E-004
  4.96458990404539131E-006  3.34035184613777115E-004
  4.82325912846484323E-006  3.22844179028342472E-004
  4.67965747000472851E-006  3.11619562055036098E-004
  4.53375796403533746E-006  3.00359745866984212E-004
  4.38553065479458065E-006  2.89062986347673708E-004
  4.23494216148394703E-006  2.77727358487922906E-004
  4.08195515940415216E-006  2.66350727011489959E-004
  3.92652775448855431E-006  2.54930710994261242E-004
  3.76861272267823198E-006  2.43464640845679432E-004
  3.60815657596514550E-006  2.31949505469077820E-004
  3.44509840333622770E-006  2.20381886636308633E-004
  3.27936841529797326E-006  2.08757876486723783E-004
  3.11088609198122731E-006  1.97072972407806633E-004
  2.93955779183748866E-006  1.85321941074148902E-004
  2.76527361191560504E-006  1.73498639606725857E-004
  2.58790318648422179E-006  1.61595775784586799E-004
  2.40728994100823830E-006  1.49604579406998765E-004
  2.22324303186198994E-006  1.37514340278161210E-004
  2.03552569753934418E-006  1.25311738977452059E-004
  1.84383781382381184E-006  1.12979842300297480E-004
  1.64778861435952601E-006  1.00496528628699728E-004
  1.44685167749205712E-006  8.78318833834594608E-005
  1.24028537214617088E-006  7.49435846052725745E-005
  1.02697885374153364E-006  6.17679481325495973E-005
  8.05113498481093721E-007  4.82001922533625550E-005
  5.71260806639448313E-007  3.40417223539542417E-005
  3.17025170365217449E-007  1.88034545030102087E-005
          96
