    
                            R A D I A T E . O U T
                            ---------------------
    
    
  CONCEPT DATA: Dipole                                                               
    
    
  FREQUENCY: 30.0000  MHz
  
 ======================================================================
 
  PHI interval (in degrees)  :    0.000     360.000
  THETA interval (in degrees):    0.000     180.000


The power radiated in the selected Phi-Theta sector is:               
 0.63022E-03 Watt
  
The total radiated power is:                                          
 0.63022E-03 Watt
  
  
The multiplier for the determination of the total radiated power is:  
   1.000
  
  
  
The directivity is:                                                   
   1.731
  
Specification in dB:                                                  
   2.383
  
The max. E field amplitude in the sector is:                          
 0.25584E+00 / (far field radius)  V/m
 ======================================================================
