    
                            R A D I A T E . O U T
                            ---------------------
    
    
  CONCEPT DATA: Simple Antenna                                                       
    
    
  FREQUENCY: 100.0000  MHz
  
 ======================================================================
 
  PHI interval (in degrees)  :    0.000     360.000
  THETA interval (in degrees):    0.000     180.000


The power radiated in the selected Phi-Theta sector is:               
 0.10963E-06 Watt
  
The total radiated power is:                                          
 0.10963E-06 Watt
  
  
The multiplier for the determination of the total radiated power is:  
   1.000
  
  
  
The directivity is:                                                   
   6.048
  
Specification in dB:                                                  
   7.816
  
The max. E field amplitude in the sector is:                          
 0.63074E-02 / (far field radius)  V/m
 ======================================================================
